2020-07-29 00:43:24,606 - connect_host[line:79] - INFO: Host connected(COM10).
2020-07-29 00:43:24,610 - start_serial_worker[line:92] - INFO: Start to handle serial data ...
2020-07-29 00:43:26,820 - get_packet[line:54] - INFO: #0 Host2Device_Packet: 0218000400852daa4c6dbd542c03
2020-07-29 00:43:26,827 - handle_recv_cmd[line:204] - INFO: Received command 'PRT_SET_CRC_KEY (0x18)'. 
2020-07-29 00:43:26,843 - set_crc32_key[line:127] - INFO: CRC key set to 0x4caa2d85
2020-07-29 00:43:26,847 - send_ack[line:112] - INFO: sent ACK (0) to command 'PRT_SET_CRC_KEY (0x18)'. 
2020-07-29 00:43:26,850 - send_data[line:102] - INFO: #0 Device2Host_Packet: 02180001000046895e9e03
2020-07-29 00:43:26,952 - get_packet[line:54] - INFO: #1 Host2Device_Packet: 020a000100015264c77403
2020-07-29 00:43:26,981 - handle_recv_cmd[line:204] - INFO: Received command 'PRT_GET_SN (0xa)'. 
2020-07-29 00:43:26,984 - send_msg[line:122] - INFO: sent MSG (b'P2B02004087288') of command 'PRT_SENT_SN (0xb)'. 
2020-07-29 00:43:26,986 - send_data[line:102] - INFO: #1 Device2Host_Packet: 020b000e005032423032303034303837323838f5a3b7d503
2020-07-29 00:43:26,989 - send_ack[line:112] - INFO: sent ACK (0) to command 'PRT_GET_SN (0xa)'. 
2020-07-29 00:43:26,998 - send_data[line:102] - INFO: #2 Device2Host_Packet: 020a0001000046895e9e03
2020-07-29 00:43:27,002 - get_packet[line:54] - INFO: #2 Host2Device_Packet: 0230000100015264c77403
2020-07-29 00:43:27,004 - handle_recv_cmd[line:204] - INFO: Received command 'PRT_GET_DEV_NAME (0x30)'. 
2020-07-29 00:43:27,005 - send_msg[line:122] - INFO: sent MSG (b'P2') of command 'PRT_SENT_DEV_NAME (0x31)'. 
2020-07-29 00:43:27,012 - send_data[line:102] - INFO: #3 Device2Host_Packet: 0231000200503275594f3f03
2020-07-29 00:43:27,013 - send_ack[line:112] - INFO: sent ACK (0) to command 'PRT_GET_DEV_NAME (0x30)'. 
2020-07-29 00:43:27,014 - send_data[line:102] - INFO: #4 Device2Host_Packet: 02300001000046895e9e03
2020-07-29 00:43:27,016 - get_packet[line:54] - INFO: #3 Host2Device_Packet: 021f000100015264c77403
2020-07-29 00:43:27,018 - handle_recv_cmd[line:204] - INFO: Received command 'PRT_GET_POWER_DOWN_TIME (0x1f)'. 
2020-07-29 00:43:27,019 - send_msg[line:122] - INFO: sent MSG (b'\x10\x0e') of command 'PRT_SENT_POWER_DOWN_TIME (0x20)'. 
2020-07-29 00:43:27,020 - send_data[line:102] - INFO: #5 Device2Host_Packet: 0220000200100ef76a59e003
2020-07-29 00:43:27,021 - send_ack[line:112] - INFO: sent ACK (0) to command 'PRT_GET_POWER_DOWN_TIME (0x1f)'. 
2020-07-29 00:43:27,027 - send_data[line:102] - INFO: #6 Device2Host_Packet: 021f0001000046895e9e03
2020-07-29 00:43:27,030 - get_packet[line:54] - INFO: #4 Host2Device_Packet: 0210000100015264c77403
2020-07-29 00:43:27,031 - handle_recv_cmd[line:204] - INFO: Received command 'PRT_GET_BAT_STATUS (0x10)'. 
2020-07-29 00:43:27,033 - send_msg[line:122] - INFO: sent MSG (b'Z') of command 'PRT_SENT_BAT_STATUS (0x11)'. 
2020-07-29 00:43:27,034 - send_data[line:102] - INFO: #7 Device2Host_Packet: 02110001005aac31e01503
2020-07-29 00:43:27,035 - send_ack[line:112] - INFO: sent ACK (0) to command 'PRT_GET_BAT_STATUS (0x10)'. 
2020-07-29 00:43:27,036 - send_data[line:102] - INFO: #8 Device2Host_Packet: 02100001000046895e9e03
2020-07-29 00:43:27,044 - get_packet[line:54] - INFO: #5 Host2Device_Packet: 022d000100015264c77403
2020-07-29 00:43:27,045 - handle_recv_cmd[line:204] - INFO: Received command 'PRT_GET_COUNTRY_NAME (0x2d)'. 
2020-07-29 00:43:27,047 - send_msg[line:122] - INFO: sent MSG (b'CN') of command 'PRT_SENT_COUNTRY_NAME (0x2e)'. 
2020-07-29 00:43:27,048 - send_data[line:102] - INFO: #9 Device2Host_Packet: 022e000200434ef025130703
2020-07-29 00:43:27,050 - send_ack[line:112] - INFO: sent ACK (0) to command 'PRT_GET_COUNTRY_NAME (0x2d)'. 
2020-07-29 00:43:27,051 - send_data[line:102] - INFO: #10 Device2Host_Packet: 022d0001000046895e9e03
2020-07-29 00:43:27,052 - get_packet[line:54] - INFO: #6 Host2Device_Packet: 0242000100015264c77403
2020-07-29 00:43:27,054 - handle_recv_cmd[line:204] - INFO: Received command 'PRT_CMD_42 (0x42)'. 
2020-07-29 00:43:27,061 - send_msg[line:122] - INFO: sent MSG (b'BK3432') of command 'PRT_CMD_43 (0x43)'. 
2020-07-29 00:43:27,063 - send_data[line:102] - INFO: #11 Device2Host_Packet: 0243000600424b33343332e7ebd39803
2020-07-29 00:43:27,064 - send_ack[line:112] - INFO: sent ACK (0) to command 'PRT_CMD_42 (0x42)'. 
2020-07-29 00:43:27,065 - send_data[line:102] - INFO: #12 Device2Host_Packet: 02420001000046895e9e03
2020-07-29 00:43:27,067 - get_packet[line:54] - INFO: #7 Host2Device_Packet: 027f000100015264c77403
2020-07-29 00:43:27,069 - handle_recv_cmd[line:204] - INFO: Received command 'PRT_CMD_7F (0x7f)'. 
2020-07-29 00:43:27,070 - send_msg[line:122] - INFO: sent MSG (b'v3.38.19\x00\x00\x00\x00') of command 'PRT_CMD_80 (0x80)'. 
2020-07-29 00:43:27,071 - send_data[line:102] - INFO: #13 Device2Host_Packet: 0280000c0076332e33382e31390000000027be9a5903
2020-07-29 00:43:27,077 - send_ack[line:112] - INFO: sent ACK (0) to command 'PRT_CMD_7F (0x7f)'. 
2020-07-29 00:43:27,079 - send_data[line:102] - INFO: #14 Device2Host_Packet: 027f0001000046895e9e03
2020-07-29 00:43:27,081 - get_packet[line:54] - INFO: #8 Host2Device_Packet: 0281000100015264c77403
2020-07-29 00:43:27,083 - handle_recv_cmd[line:204] - INFO: Received command 'PRT_CMD_81 (0x81)'. 
2020-07-29 00:43:27,084 - send_msg[line:122] - INFO: sent MSG (b'HME230_P2\x00\x00\x00\x00\x00\x00\x00') of command 'PRT_CMD_82 (0x82)'. 
2020-07-29 00:43:27,085 - send_data[line:102] - INFO: #15 Device2Host_Packet: 0282001000484d453233305f5032000000000000006e10aa1b03
2020-07-29 00:43:27,086 - send_ack[line:112] - INFO: sent ACK (0) to command 'PRT_CMD_81 (0x81)'. 
2020-07-29 00:43:27,087 - send_data[line:102] - INFO: #16 Device2Host_Packet: 02810001000046895e9e03
2020-07-29 00:43:27,089 - get_packet[line:54] - INFO: #9 Host2Device_Packet: 0204000100015264c77403
2020-07-29 00:43:27,095 - handle_recv_cmd[line:204] - INFO: Received command 'PRT_GET_VERSION (0x4)'. 
2020-07-29 00:43:27,096 - send_msg[line:122] - INFO: sent MSG (b'\x08\x01\x01') of command 'PRT_SENT_VERSION (0x5)'. 
2020-07-29 00:43:27,097 - send_data[line:102] - INFO: #17 Device2Host_Packet: 0205000300080101c90f911303
2020-07-29 00:43:27,099 - send_ack[line:112] - INFO: sent ACK (0) to command 'PRT_GET_VERSION (0x4)'. 
2020-07-29 00:43:27,100 - send_data[line:102] - INFO: #18 Device2Host_Packet: 02040001000046895e9e03
2020-07-29 00:43:27,132 - get_packet[line:54] - INFO: #10 Host2Device_Packet: 02390001000adabd15e303
2020-07-29 00:43:27,133 - handle_recv_cmd[line:204] - INFO: Received command 'NO_MATCH_COMMAND (0x39)'. 
2020-07-29 00:43:27,337 - get_packet[line:54] - INFO: #11 Host2Device_Packet: 02190001004bdccccee203
2020-07-29 00:43:27,355 - handle_recv_cmd[line:204] - INFO: Received command 'PRT_SET_HEAT_DENSITY (0x19)'. 
