2020-07-30 00:00:21,825 - connect_host[line:72] - INFO: Host connected.
2020-07-30 00:00:21,831 - scanservices[line:80] - INFO: Searching for services...
2020-07-30 00:00:23,697 - scanservices[line:90] - INFO: Found a valid service on target device.
2020-07-30 00:00:23,701 - connect_device[line:100] - INFO: Service found. Connecting to "b'Port\x00'" on fc:58:fa:1e:26:63...
2020-07-30 00:00:23,931 - connect_device[line:108] - INFO: Device connected.
2020-07-30 00:00:23,943 - redirect_Serial2Bt_thread[line:125] - INFO: Start to redirect host data to device ...
2020-07-30 00:00:23,949 - redirect_Bt2Serial[line:128] - INFO: Start to redirect device data to host ...
2020-07-30 00:00:37,686 - log_packet[line:86] - INFO: [HOST]: command 'PRT_SET_MAX_GAP_LENGTH (0x27)', len=1, payload='bytearray(b'd') (0x64))'. 
2020-07-30 00:00:37,696 - get_packet[line:46] - INFO: #0 Host2Device_Packet: 02270001006410dcc83203
2020-07-30 00:00:37,718 - log_packet[line:86] - INFO: [HOST]: command 'PRT_SET_HEAT_DENSITY (0x19)', len=1, payload='bytearray(b'_') (0x5f))'. 
2020-07-30 00:00:37,720 - get_packet[line:46] - INFO: #1 Host2Device_Packet: 02190001005f3435c38303
2020-07-30 00:00:37,765 - log_packet[line:86] - INFO: [HOST]: command 'NO_MATCH_COMMAND (0x34)', len=1, payload='bytearray(b'\x01') (0x01))'. 
2020-07-30 00:00:37,766 - get_packet[line:46] - INFO: #2 Host2Device_Packet: 023400010001c749100f03
2020-07-30 00:00:37,769 - log_packet[line:86] - INFO: [DEVICE]: command 'PRT_SET_MAX_GAP_LENGTH (0x27)', len=1, payload='bytearray(b'\x00') (0x00))'. 
2020-07-30 00:00:37,775 - get_packet[line:155] - INFO: #0 Device2Host_Packet: 0227000100005179177803
2020-07-30 00:00:37,805 - log_packet[line:86] - INFO: [DEVICE]: command 'PRT_SET_HEAT_DENSITY (0x19)', len=1, payload='bytearray(b'\x00') (0x00))'. 
2020-07-30 00:00:37,807 - get_packet[line:155] - INFO: #1 Device2Host_Packet: 0219000100005179177803
2020-07-30 00:00:37,809 - log_packet[line:86] - INFO: [DEVICE]: command 'NO_MATCH_COMMAND (0x35)', len=4, payload='bytearray(b'\x00\x00\x00\x00') (0x00000000))'. 
2020-07-30 00:00:37,810 - get_packet[line:155] - INFO: #2 Device2Host_Packet: 02350004000000000095da11ef03
2020-07-30 00:00:37,812 - log_packet[line:86] - INFO: [DEVICE]: command 'NO_MATCH_COMMAND (0x34)', len=1, payload='bytearray(b'\x00') (0x00))'. 
2020-07-30 00:00:37,815 - log_packet[line:86] - INFO: [HOST]: command 'NO_MATCH_COMMAND (0x3c)', len=1, payload='bytearray(b'\x01') (0x01))'. 
2020-07-30 00:00:37,818 - get_packet[line:155] - INFO: #3 Device2Host_Packet: 0234000100005179177803
2020-07-30 00:00:37,819 - get_packet[line:46] - INFO: #3 Host2Device_Packet: 023c00010001c749100f03
2020-07-30 00:00:37,822 - log_packet[line:86] - INFO: [HOST]: command 'PRT_FEED_LINE (0x1a)', len=2, payload='bytearray(b'\n\x00') (0x0a00))'. 
2020-07-30 00:00:37,823 - get_packet[line:46] - INFO: #4 Host2Device_Packet: 021a0002000a001c71f93403
2020-07-30 00:00:37,825 - log_packet[line:86] - INFO: [HOST]: command 'PRT_SET_PAPER_TYPE (0x2c)', len=1, payload='bytearray(b'\x00') (0x00))'. 
2020-07-30 00:00:37,827 - get_packet[line:46] - INFO: #5 Host2Device_Packet: 022c000100005179177803
2020-07-30 00:00:37,851 - log_packet[line:86] - INFO: [DEVICE]: command 'NO_MATCH_COMMAND (0x3d)', len=4, payload='bytearray(b'\x02\x00\x00\x00') (0x02000000))'. 
2020-07-30 00:00:37,852 - get_packet[line:155] - INFO: #4 Device2Host_Packet: 023d000400020000001e12184503
2020-07-30 00:00:37,853 - log_packet[line:86] - INFO: [DEVICE]: command 'NO_MATCH_COMMAND (0x3c)', len=1, payload='bytearray(b'\x00') (0x00))'. 
2020-07-30 00:00:37,854 - get_packet[line:155] - INFO: #5 Device2Host_Packet: 023c000100005179177803
2020-07-30 00:00:37,869 - log_packet[line:80] - INFO: [HOST]: command 'PRT_PRINT_DATA (0x0)', len=432 
2020-07-30 00:00:37,870 - get_packet[line:46] - INFO: #6 Host2Device_Packet: 020000b001ffffffffffffffffffffffffffffffffffffffffffffffffffffffffffffffffffffffffffffffffffffffffffffffffffffffffffffffffffffffffffffffffffffffffffffffffffffffffffffffffffffffffffffffffffffffffffffffffffffffffffffffffffffffffffffffffffffffffffffffffffffffffffffffffffffffffffffffffffffffffffffffffffffffffffffffffffffffffffffffffffffffffffffffffffffffffffffffffffffffffffffffffffffffffffffffffffffffffffffffffffffffffffffffffffffffffffffffffffffffffffffffffffffffffffffffffffffffffffffffffffffffffffffffffffffffffffffffffffffffffffffffffffffffffffffffffffffffffffffffffffffffffffffffffffffffffffffffffffffffffffffffffffffffffffffffffffffffffffffffffffffffffffffffffffffffffffffffffffffffffffffffffffffffffffffffffffffffffffffffffffffffffffffffffffffffffffffffffffffffffffffffffffffffffffffffffffffffffffffffffffffffffffffffffffffffffffffffffffffffffffffffffffffffffffffffffc5697bfb03
2020-07-30 00:00:37,873 - log_packet[line:86] - INFO: [DEVICE]: command 'PRT_FEED_LINE (0x1a)', len=1, payload='bytearray(b'\x00') (0x00))'. 
2020-07-30 00:00:37,874 - get_packet[line:155] - INFO: #6 Device2Host_Packet: 021a000100005179177803
2020-07-30 00:00:37,875 - log_packet[line:86] - INFO: [DEVICE]: command 'PRT_SET_PAPER_TYPE (0x2c)', len=1, payload='bytearray(b'\x00') (0x00))'. 
2020-07-30 00:00:37,877 - get_packet[line:155] - INFO: #7 Device2Host_Packet: 022c000100005179177803
2020-07-30 00:00:37,914 - log_packet[line:80] - INFO: [HOST]: command 'PRT_PRINT_DATA (0x0)', len=432 
2020-07-30 00:00:37,915 - get_packet[line:46] - INFO: #7 Host2Device_Packet: 020001b001ffffffffffffffffffffffffffffffffffffffffffffffffffffffffffffffffffffffffffffffffffffffffffffffffffffffffffffffffffffffffffffffffffffffffffffffffffffffffffffffffffffffffffffffffffffffffffffffffffffffffffffffffffffffffffffffffffffffffffffffffffffffffffffffffffffffffffffffffffffffffffffffffffffffffffffffffffffffffffffffffffffffffffffffffffffffffffffffffffffffffffffffffffffffffffffffffffffffffffffffffffffffffffffffffffffffffffffffffffffffffffffffffffffffffffffffffffffffffffffffffffffffffffffffffffffffffffffffffffffffffffffffffffffffffffffffffffffffffffffffffffffffffffffffffffffffffffffffffffffffffffffffffffffffffffffffffffffffffffffffffffffffffffffffffffffffffffffffffffffffffffffffffffffffffffffffffffffffffffffffffffffffffffffffffffffffffffffffffffffffffffffffffffffffffffffffffffffffffffffffffffffffffffffffffffffffffffffffffffffffffffffffffffffffffffffffffc5697bfb03
2020-07-30 00:00:37,959 - log_packet[line:80] - INFO: [HOST]: command 'PRT_PRINT_DATA (0x0)', len=432 
2020-07-30 00:00:37,960 - get_packet[line:46] - INFO: #8 Host2Device_Packet: 020002b001ffffffffffffffffffffffffffffffffffffffffffffffffffffffffffffffffffffffffffffffffffffffffffffffffffffffffffffffffffffffffffffffffffffffffffffffffffffffffffffffffffffffffffffffffffffffffffffffffffffffffffffffffffffffffffffffffffffffffffffffffffffffffffffffffffffffffffffffffffffffffffffffffffffffffffffffffffffffffffffffffffffffffffffffffffffffffffffffffffffffffffffffffffffffffffffffffffffffffffffffffffffffffffffffffffffffffffffffffffffffffffffffffffffffffffffffffffffffffffffffffffffffffffffffffffffffffffffffffffffffffffffffffffffffffffffffffffffffffffffffffffffffffffffffffffffffffffffffffffffffffffffffffffffffffffffffffffffffffffffffffffffffffffffffffffffffffffffffffffffffffffffffffffffffffffffffffffffffffffffffffffffffffffffffffffffffffffffffffffffffffffffffffffffffffffffffffffffffffffffffffffffffffffffffffffffffffffffffffffffffffffffffffffffffffffffffffc5697bfb03
2020-07-30 00:00:38,002 - log_packet[line:80] - INFO: [HOST]: command 'PRT_PRINT_DATA (0x0)', len=432 
2020-07-30 00:00:38,003 - get_packet[line:46] - INFO: #9 Host2Device_Packet: 020003b001ffffffffffffffffffffffffffffffffffffffffffffffffffffffffffffffffffffffffffffffffffffffffffffffffffffffffffffffffffffffffffffffffffffffffffffffffffffffffffffffffffffffffffffffffffffffffffffffffffffffffffffffffffffffffffffffffffffffffffffffffffffffffffffffffffffffffffffffffffffffffffffffffffffffffffffffffffffffffffffffffffffffffffffffffffffffffffffffffffffffffffffffffffffffffffffffffffffffffffffffffffffffffffffffffffffffffffffffffffffffffffffffffffffffffffffffffffffffffffffffffffffffffffffffffffffffffffffffffffffffffffffffffffffffffffffffffffffffffffffffffffffffffffffffffffffffffffffffffffffffffffffffffffffffffffffffffffffffffffffffffffffffffffffffffffffffffffffffffffffffffffffffffffffffffffffffffffffffffffffffffffffffffffffffffffffffffffffffffffffffffffffffffffffffffffffffffffffffffffffffffffffffffffffffffffffffffffffffffffffffffffffffffffffffffffffffffc5697bfb03
2020-07-30 00:00:38,048 - log_packet[line:80] - INFO: [HOST]: command 'PRT_PRINT_DATA (0x0)', len=432 
2020-07-30 00:00:38,049 - get_packet[line:46] - INFO: #10 Host2Device_Packet: 020004b001ffffffffffffffffffffffffffffffffffffffffffffffffffffffffffffffffffffffffffffffffffffffffffffffffffffffffffffffffffffffffffffffffffffffffffffffffffffffffffffffffffffffffffffffffffffffffffffffffffffffffffffffffffffffffffffffffffffffffffffffffffffffffffffffffffffffffffffffffffffffffffffffffffffffffffffffffffffffffffffffffffffffffffffffffffffffffffffffffffffffffffffffffffffffffffffffffffffffffffffffffffffffffffffffffffffffffffffffffffffffffffffffffffffffffffffffffffffffffffffffffffffffffffffffffffffffffffffffffffffffffffffffffffffffffffffffffffffffffffffffffffffffffffffffffffffffffffffffffffffffffffffffffffffffffffffffffffffffffffffffffffffffffffffffffffffffffffffffffffffffffffffffffffffffffffffffffffffffffffffffffffffffffffffffffffffffffffffffffffffffffffffffffffffffffffffffffffffffffffffffffffffffffffffffffffffffffffffffffffffffffffffffffffffffffffffffffc5697bfb03
2020-07-30 00:00:38,092 - log_packet[line:80] - INFO: [HOST]: command 'PRT_PRINT_DATA (0x0)', len=432 
2020-07-30 00:00:38,093 - get_packet[line:46] - INFO: #11 Host2Device_Packet: 020005b001ffffffffffffffffffffffffffffffffffffffffffffffffffffffffffffffffffffffffffffffffffffffffffffffffffffffffffffffffffffffffffffffffffffffffffffffffffffffffffffffffffffffffffffffffffffffffffffffffffffffffffffffffffffffffffffffffffffffffffffffffffffffffffffffffffffffffffffffffffffffffffffffffffffffffffffffffffffffffffffffffffffffffffffffffffffffffffffffffffffffffffffffffffffffffffffffffffffffffffffffffffffffffffffffffffffffffffffffffffffffffffffffffffffffffffffffffffffffffffffffffffffffffffffffffffffffffffffffffffffffffffffffffffffffffffffffffffffffffffffffffffffffffffffffffffffffffffffffffffffffffffffffffffffffffffffffffffffffffffffffffffffffffffffffffffffffffffffffffffffffffffffffffffffffffffffffffffffffffffffffffffffffffffffffffffffffffffffffffffffffffffffffffffffffffffffffffffffffffffffffffffffffffffffffffffffffffffffffffffffffffffffffffffffffffffffffffc5697bfb03
2020-07-30 00:00:38,136 - log_packet[line:80] - INFO: [HOST]: command 'PRT_PRINT_DATA (0x0)', len=432 
2020-07-30 00:00:38,137 - get_packet[line:46] - INFO: #12 Host2Device_Packet: 020006b001ffffffffffffffffffffffffffffffffffffffffffffffffffffffffffffffffffffffffffffffffffffffffffffffffffffffffffffffffffffffffffffffffffffffffffffffffffffffffffffffffffffffffffffffffffffffffffffffffffffffffffffffffffffffffffffffffffffffffffffffffffffffffffffffffffffffffffffffffffffffffffffffffffffffffffffffffffffffffffffffffffffffffffffffffffffffffffffffffffffffffffffffffffffffffffffffffffffffffffffffffffffffffffffffffffffffffffffffffffffffffffffffffffffffffffffffffffffffffffffffffffffffffffffffffffffffffffffffffffffffffffffffffffffffffffffffffffffffffffffffffffffffffffffffffffffffffffffffffffffffffffffffffffffffffffffffffffffffffffffffffffffffffffffffffffffffffffffffffffffffffffffffffffffffffffffffffffffffffffffffffffffffffffffffffffffffffffffffffffffffffffffffffffffffffffffffffffffffffffffffffffffffffffffffffffffffffffffffffffffffffffffffffffffffffffffffffc5697bfb03
2020-07-30 00:00:38,148 - log_packet[line:80] - INFO: [HOST]: command 'PRT_PRINT_DATA (0x0)', len=432 
2020-07-30 00:00:38,149 - get_packet[line:46] - INFO: #13 Host2Device_Packet: 020007b001ffffffffffffffffffffffffffffffffffffffffffffffffffffffffffffffffffffffffffffffffffffffffffffffffffffffffffffffffffffffffffffffffffffffffffffffffffffffffffffffffffffffffffffffffffffffffffffffffffffffffffffffffffffffffffffffffffffffffffffffffffffffffffffffffffffffffffffffffffffffffffffffffffffffffffffffffffffffffffffffffffffffffffffffffffffffffffffffffffffffffffffffffffffffffffffffffffffffffffffffffffffffffffffffffffffffffffffffffffffffffffffffffffffffffffffffffffffffffffffffffffffffffffffffffffffffffffffffffffffffffffffffffffffffffffffffffffffffffffffffffffffffffffffffffffffffffffffffffffffffffffffffffffffffffffffffffffffffffffffffffffffffffffffffffffffffffffffffffffffffffffffffffffffffffffffffffffffffffffffffffffffffffffffffffffffffffffffffffffffffffffffffffffffffffffffffffffffffffffffffffffffffffffffffffffffffffffffffffffffffffffffffffffffffffffffffffc5697bfb03
2020-07-30 00:00:38,182 - log_packet[line:80] - INFO: [HOST]: command 'PRT_PRINT_DATA (0x0)', len=432 
2020-07-30 00:00:38,183 - get_packet[line:46] - INFO: #14 Host2Device_Packet: 020008b001ffffffffffffffffffffffffffffffffffffffffffffffffffffffffffffffffffffffffffffffffffffffffffffffffffffffffffffffffffffffffffffffffffffffffffffffffffffffffffffffffffffffffffffffffffffffffffffffffffffffffffffffffffffffffffffffffffffffffffffffffffffffffffffffffffffffffffffffffffffffffffffffffffffffffffffffffffffffffffffffffffffffffffffffffffffffffffffffffffffffffffffffffffffffffffffffffffffffffffffffffffffffffffffffffffffffffffffffffffffffffffffffffffffffffffffffffffffffffffffffffffffffffffffffffffffffffffffffffffffffffffffffffffffffffffffffffffffffffffffffffffffffffffffffffffffffffffffffffffffffffffffffffffffffffffffffffffffffffffffffffffffffffffffffffffffffffffffffffffffffffffffffffffffffffffffffffffffffffffffffffffffffffffffffffffffffffffffffffffffffffffffffffffffffffffffffffffffffffffffffffffffffffffffffffffffffffffffffffffffffffffffffffffffffffffffffffc5697bfb03
2020-07-30 00:00:38,226 - log_packet[line:80] - INFO: [HOST]: command 'PRT_PRINT_DATA (0x0)', len=432 
2020-07-30 00:00:38,227 - get_packet[line:46] - INFO: #15 Host2Device_Packet: 020009b001ffffffffffffffffffffffffffffffffffffffffffffffffffffffffffffffffffffffffffffffffffffffffffffffffffffffffffffffffffffffffffffffffffffffffffffffffffffffffffffffffffffffffffffffffffffffffffffffffffffffffffffffffffffffffffffffffffffffffffffffffffffffffffffffffffffffffffffffffffffffffffffffffffffffffffffffffffffffffffffffffffffffffffffffffffffffffffffffffffffffffffffffffffffffffffffffffffffffffffffffffffffffffffffffffffffffffffffffffffffffffffffffffffffffffffffffffffffffffffffffffffffffffffffffffffffffffffffffffffffffffffffffffffffffffffffffffffffffffffffffffffffffffffffffffffffffffffffffffffffffffffffffffffffffffffffffffffffffffffffffffffffffffffffffffffffffffffffffffffffffffffffffffffffffffffffffffffffffffffffffffffffffffffffffffffffffffffffffffffffffffffffffffffffffffffffffffffffffffffffffffffffffffffffffffffffffffffffffffffffffffffffffffffffffffffffffffc5697bfb03
2020-07-30 00:00:38,230 - log_packet[line:86] - INFO: [HOST]: command 'NO_MATCH_COMMAND (0x34)', len=1, payload='bytearray(b'\x01') (0x01))'. 
2020-07-30 00:00:38,231 - get_packet[line:46] - INFO: #16 Host2Device_Packet: 023400010001c749100f03
2020-07-30 00:00:38,271 - log_packet[line:80] - INFO: [HOST]: command 'PRT_PRINT_DATA (0x0)', len=432 
2020-07-30 00:00:38,272 - get_packet[line:46] - INFO: #17 Host2Device_Packet: 02000ab001ffffffffffffffffffffffffffffffffffffffffffffffffffffffffffffffffffffffffffffffffffffffffffffffffffffffffffffffffffffffffffffffffffffffffffffffffffffffffffffffffffffffffffffffffffffffffffffffffffffffffffffffffffffffffffffffffffffffffffffffffffffffffffffffffffffffffffffffffffffffffffffffffffffffffffffffffffffffffffffffffffffffffffffffffffffffffffffffffffffffffffffffffffffffffffffffffffffffffffffffffffffffffffffffffffffffffffffffffffffffffffffffffffffffffffffffffffffffffffffffffffffffffffffffffffffffffffffffffffffffffffffffffffffffffffffffffffffffffffffffffffffffffffffffffffffffffffffffffffffffffffffffffffffffffffffffffffffffffffffffffffffffffffffffffffffffffffffffffffffffffffffffffffffffffffffffffffffffffffffffffffffffffffffffffffffffffffffffffffffffffffffffffffffffffffffffffffffffffffffffffffffffffffffffffffffffffffffffffffffffffffffffffffffffffffffffffc5697bfb03
2020-07-30 00:00:38,316 - log_packet[line:80] - INFO: [HOST]: command 'PRT_PRINT_DATA (0x0)', len=432 
2020-07-30 00:00:38,318 - get_packet[line:46] - INFO: #18 Host2Device_Packet: 02000bb001ffffffffffffffffffffffffffffffffffffffffffffffffffffffffffffffffffffffffffffffffffffffffffffffffffffffffffffffffffffffffffffffffffffffffffffffffffffffffffffffffffffffffffffffffffffffffffffffffffffffffffffffffffffffffffffffffffffffffffffffffffffffffffffffffffffffffffffffffffffffffffffffffffffffffffffffffffffffffffffffffffffffffffffffffffffffffffffffffffffffffffffffffffffffffffffffffffffffffffffffffffffffffffffffffffffffffffffffffffffffffffffffffffffffffffffffffffffffffffffffffffffffffffffffffffffffffffffffffffffffffffffffffffffffffffffffffffffffffffffffffffffffffffffffffffffffffffffffffffffffffffffffffffffffffffffffffffffffffffffffffffffffffffffffffffffffffffffffffffffffffffffffffffffffffffffffffffffffffffffffffffffffffffffffffffffffffffffffffffffffffffffffffffffffffffffffffffffffffffffffffffffffffffffffffffffffffffffffffffffffffffffffffffffffffffffffffc5697bfb03
2020-07-30 00:00:38,361 - log_packet[line:80] - INFO: [HOST]: command 'PRT_PRINT_DATA (0x0)', len=432 
2020-07-30 00:00:38,363 - get_packet[line:46] - INFO: #19 Host2Device_Packet: 02000cb001ffffffffffffffffffffffffffffffffffffffffffffffffffffffffffffffffffffffffffffffffffffffffffffffffffffffffffffffffffffffffffffffffffffffffffffffffffffffffffffffffffffffffffffffffffffffffffffffffffffffffffffffffffffffffffffffffffffffffffffffffffffffffffffffffffffffffffffffffffffffffffffffffffffffffffffffffffffffffffffffffffffffffffffffffffffffffffffffffffffffffffffffffffffffffffffffffffffffffffffffffffffffffffffffffffffffffffffffffffffffffffffffffffffffffffffffffffffffffffffffffffffffffffffffffffffffffffffffffffffffffffffffffffffffffffffffffffffffffffffffffffffffffffffffffffffffffffffffffffffffffffffffffffffffffffffffffffffffffffffffffffffffffffffffffffffffffffffffffffffffffffffffffffffffffffffffffffffffffffffffffffffffffffffffffffffffffffffffffffffffffffffffffffffffffffffffffffffffffffffffffffffffffffffffffffffffffffffffffffffffffffffffffffffffffffffffffc5697bfb03
2020-07-30 00:00:38,404 - log_packet[line:80] - INFO: [HOST]: command 'PRT_PRINT_DATA (0x0)', len=432 
2020-07-30 00:00:38,406 - get_packet[line:46] - INFO: #20 Host2Device_Packet: 02000db001ffffffffffffffffffffffffffffffffffffffffffffffffffffffffffffffffffffffffffffffffffffffffffffffffffffffffffffffffffffffffffffffffffffffffffffffffffffffffffffffffffffffffffffffffffffffffffffffffffffffffffffffffffffffffffffffffffffffffffffffffffffffffffffffffffffffffffffffffffffffffffffffffffffffffffffffffffffffffffffffffffffffffffffffffffffffffffffffffffffffffffffffffffffffffffffffffffffffffffffffffffffffffffffffffffffffffffffffffffffffffffffffffffffffffffffffffffffffffffffffffffffffffffffffffffffffffffffffffffffffffffffffffffffffffffffffffffffffffffffffffffffffffffffffffffffffffffffffffffffffffffffffffffffffffffffffffffffffffffffffffffffffffffffffffffffffffffffffffffffffffffffffffffffffffffffffffffffffffffffffffffffffffffffffffffffffffffffffffffffffffffffffffffffffffffffffffffffffffffffffffffffffffffffffffffffffffffffffffffffffffffffffffffffffffffffffffc5697bfb03
2020-07-30 00:00:38,425 - log_packet[line:80] - INFO: [HOST]: command 'PRT_PRINT_DATA (0x0)', len=432 
2020-07-30 00:00:38,426 - get_packet[line:46] - INFO: #21 Host2Device_Packet: 02000eb001ffffffffffffffffffffffffffffffffffffffffffffffffffffffffffffffffffffffffffffffffffffffffffffffffffffffffffffffffffffffffffffffffffffffffffffffffffffffffffffffffffffffffffffffffffffffffffffffffffffffffffffffffffffffffffffffffffffffffffffffffffffffffffffffffffffffffffffffffffffffffffffffffffffffffffffffffffffffffffffffffffffffffffffffffffffffffffffffffffffffffffffffffffffffffffffffffffffffffffffffffffffffffffffffffffffffffffffffffffffffffffffffffffffffffffffffffffffffffffffffffffffffffffffffffffffffffffffffffffffffffffffffffffffffffffffffffffffffffffffffffffffffffffffffffffffffffffffffffffffffffffffffffffffffffffffffffffffffffffffffffffffffffffffffffffffffffffffffffffffffffffffffffffffffffffffffffffffffffffffffffffffffffffffffffffffffffffffffffffffffffffffffffffffffffffffffffffffffffffffffffffffffffffffffffffffffffffffffffffffffffffffffffffffffffffffffffc5697bfb03
2020-07-30 00:00:38,453 - log_packet[line:80] - INFO: [HOST]: command 'PRT_PRINT_DATA (0x0)', len=432 
2020-07-30 00:00:38,455 - get_packet[line:46] - INFO: #22 Host2Device_Packet: 02000fb001ffffffffffffffffffffffffffffffffffffffffffffffffffffffffffffffffffffffffffffffffffffffffffffffffffffffffffffffffffffffffffffffffffffffffffffffffffffffffffffffffffffffffffffffffffffffffffffffffffffffffffffffffffffffffffffffffffffffffffffffffffffffffffffffffffffffffffffffffffffffffffffffffffffffffffffffffffffffffffffffffffffffffffffffffffffffffffffffffffffffffffffffffffffffffffffffffffffffffffffffffffffffffffffffffffffffffffffffffffffffffffffffffffffffffffffffffffffffffffffffffffffffffffffffffffffffffffffffffffffffffffffffffffffffffffffffffffffffffffffffffffffffffffffffffffffffffffffffffffffffffffffffffffffffffffffffffffffffffffffffffffffffffffffffffffffffffffffffffffffffffffffffffffffffffffffffffffffffffffffffffffffffffffffffffffffffffffffffffffffffffffffffffffffffffffffffffffffffffffffffffffffffffffffffffffffffffffffffffffffffffffffffffffffffffffffffffc5697bfb03
2020-07-30 00:00:38,472 - log_packet[line:86] - INFO: [DEVICE]: command 'NO_MATCH_COMMAND (0x35)', len=4, payload='bytearray(b'\xaa\x00\x00\x00') (0xaa000000))'. 
2020-07-30 00:00:38,473 - get_packet[line:155] - INFO: #8 Device2Host_Packet: 0235000400aa000000f423c7cd03
2020-07-30 00:00:38,474 - log_packet[line:86] - INFO: [DEVICE]: command 'NO_MATCH_COMMAND (0x34)', len=1, payload='bytearray(b'\x00') (0x00))'. 
2020-07-30 00:00:38,475 - get_packet[line:155] - INFO: #9 Device2Host_Packet: 0234000100005179177803
2020-07-30 00:00:38,495 - log_packet[line:80] - INFO: [HOST]: command 'PRT_PRINT_DATA (0x0)', len=432 
2020-07-30 00:00:38,499 - get_packet[line:46] - INFO: #23 Host2Device_Packet: 020010b001ffffffffffffffffffffffffffffffffffffffffffffffffffffffffffffffffffffffffffffffffffffffffffffffffffffffffffffffffffffffffffffffffffffffffffffffffffffffffffffffffffffffffffffffffffffffffffffffffffffffffffffffffffffffffffffffffffffffffffffffffffffffffffffffffffffffffffffffffffffffffffffffffffffffffffffffffffffffffffffffffffffffffffffffffffffffffffffffffffffffffffffffffffffffffffffffffffffffffffffffffffffffffffffffffffffffffffffffffffffffffffffffffffffffffffffffffffffffffffffffffffffffffffffffffffffffffffffffffffffffffffffffffffffffffffffffffffffffffffffffffffffffffffffffffffffffffffffffffffffffffffffffffffffffffffffffffffffffffffffffffffffffffffffffffffffffffffffffffffffffffffffffffffffffffffffffffffffffffffffffffffffffffffffffffffffffffffffffffffffffffffffffffffffffffffffffffffffffffffffffffffffffffffffffffffffffffffffffffffffffffffffffffffffffffffffffffc5697bfb03
2020-07-30 00:00:38,539 - log_packet[line:80] - INFO: [HOST]: command 'PRT_PRINT_DATA (0x0)', len=432 
2020-07-30 00:00:38,540 - get_packet[line:46] - INFO: #24 Host2Device_Packet: 020011b001ffffffffffffffffffffffffffffffffffffffffffffffffffffffffffffffffffffffffffffffffffffffffffffffffffffffffffffffffffffffffffffffffffffffffffffffffffffffffffffffffffffffffffffffffffffffffffffffffffffffffffffffffffffffffffffffffffffffffffffffffffffffffffffffffffffffffffffffffffffffffffffffffffffffffffffffffffffffffffffffffffffffffffffffffffffffffffffffffffffffffffffffffffffffffffffffffffffffffffffffffffffffffffffffffffffffffffffffffffffffffffffffffffffffffffffffffffffffffffffffffffffffffffffffffffffffffffffffffffffffffffffffffffffffffffffffffffffffffffffffffffffffffffffffffffffffffffffffffffffffffffffffffffffffffffffffffffffffffffffffffffffffffffffffffffffffffffffffffffffffffffffffffffffffffffffffffffffffffffffffffffffffffffffffffffffffffffffffffffffffffffffffffffffffffffffffffffffffffffffffffffffffffffffffffffffffffffffffffffffffffffffffffffffffffffffffffc5697bfb03
2020-07-30 00:00:38,585 - log_packet[line:80] - INFO: [HOST]: command 'PRT_PRINT_DATA (0x0)', len=432 
2020-07-30 00:00:38,587 - get_packet[line:46] - INFO: #25 Host2Device_Packet: 020012b001ffffffffffffffffffffffffffffffffffffffffffffffffffffffffffffffffffffffffffffffffffffffffffffffffffffffffffffffffffffffffffffffffffffffffffffffffffffffffffffffffffffffffffffffffffffffffffffffffffffffffffffffffffffffffffffffffffffffffffffffffffffffffffffffffffffffffffffffffffffffffffffffffffffffffffffffffffffffffffffffffffffffffffffffffffffffffffffffffffffffffffffffffffffffffffffffffffffffffffffffffffffffffffffffffffffffffffffffffffffffffffffffffffffffffffffffffffffffffffffffffffffffffffffffffffffffffffffffffffffffffffffffffffffffffffffffffffffffffffffffffffffffffffffffffffffffffffffffffffffffffffffffffffffffffffffffffffffffffffffffffffffffffffffffffffffffffffffffffffffffffffffffffffffffffffffffffffffffffffffffffffffffffffffffffffffffffffffffffffffffffffffffffffffffffffffffffffffffffffffffffffffffffffffffffffffffffffffffffffffffffffffffffffffffffffffffffc5697bfb03
2020-07-30 00:00:38,628 - log_packet[line:80] - INFO: [HOST]: command 'PRT_PRINT_DATA (0x0)', len=432 
2020-07-30 00:00:38,629 - get_packet[line:46] - INFO: #26 Host2Device_Packet: 020013b001ffffffffffffffffffffffffffffffffffffffffffffffffffffffffffffffffffffffffffffffffffffffffffffffffffffffffffffffffffffffffffffffffffffffffffffffffffffffffffffffffffffffffffffffffffffffffffffffffffffffffffffffffffffffffffffffffffffffffffffffffffffffffffffffffffffffffffffffffffffffffffffffffffffffffffffffffffffffffffffffffffffffffffffffffffffffffffffffffffffffffffffffffffffffffffffffffffffffffffffffffffffffffffffffffffffffffffffffffffffffffffffffffffffffffffffffffffffffffffffffffffffffffffffffffffffffffffffffffffffffffffffffffffffffffffffffffffffffffffffffffffffffffffffffffffffffffffffffffffffffffffffffffffffffffffffffffffffffffffffffffffffffffffffffffffffffffffffffffffffffffffffffffffffffffffffffffffffffffffffffffffffffffffffffffffffffffffffffffffffffffffffffffffffffffffffffffffffffffffffffffffffffffffffffffffffffffffffffffffffffffffffffffffffffffffffffffc5697bfb03
2020-07-30 00:00:38,642 - log_packet[line:86] - INFO: [HOST]: command 'NO_MATCH_COMMAND (0x34)', len=1, payload='bytearray(b'\x01') (0x01))'. 
2020-07-30 00:00:38,644 - get_packet[line:46] - INFO: #27 Host2Device_Packet: 023400010001c749100f03
2020-07-30 00:00:38,673 - log_packet[line:80] - INFO: [HOST]: command 'PRT_PRINT_DATA (0x0)', len=432 
2020-07-30 00:00:38,673 - get_packet[line:46] - INFO: #28 Host2Device_Packet: 020014b001ffffffffffffffffffffffffffffffffffffffffffffffffffffffffffffffffffffffffffffffffffffffffffffffffffffffffffffffffffffffffffffffffffffffffffffffffffffffffffffffffffffffffffffffffffffffffffffffffffffffffffffffffffffffffffffffffffffffffffffffffffffffffffffffffffffffffffffffffffffffffffffffffffffffffffffffffffffffffffffffffffffffffffffffffffffffffffffffffffffffffffffffffffffffffffffffffffffffffffffffffffffffffffffffffffffffffffffffffffffffffffffffffffffffffffffffffffffffffffffffffffffffffffffffffffffffffffffffffffffffffffffffffffffffffffffffffffffffffffffffffffffffffffffffffffffffffffffffffffffffffffffffffffffffffffffffffffffffffffffffffffffffffffffffffffffffffffffffffffffffffffffffffffffffffffffffffffffffffffffffffffffffffffffffffffffffffffffffffffffffffffffffffffffffffffffffffffffffffffffffffffffffffffffffffffffffffffffffffffffffffffffffffffffffffffffffffc5697bfb03
2020-07-30 00:00:38,718 - log_packet[line:80] - INFO: [HOST]: command 'PRT_PRINT_DATA (0x0)', len=432 
2020-07-30 00:00:38,718 - get_packet[line:46] - INFO: #29 Host2Device_Packet: 020015b001ffffffffffffffffffffffffffffffffffffffffffffffffffffffffffffffffffffffffffffffffffffffffffffffffffffffffffffffffffffffffffffffffffffffffffffffffffffffffffffffffffffffffffffffffffffffffffffffffffffffffffffffffffffffffffffffffffffffffffffffffffffffffffffffffffffffffffffffffffffffffffffffffffffffffffffffffffffffffffffffffffffffffffffffffffffffffffffffffffffffffffffffffffffffffffffffffffffffffffffffffffffffffffffffffffffffffffffffffffffffffffffffffffffffffffffffffffffffffffffffffffffffffffffffffffffffffffffffffffffffffffffffffffffffffffffffffffffffffffffffffffffffffffffffffffffffffffffffffffffffffffffffffffffffffffffffffffffffffffffffffffffffffffffffffffffffffffffffffffffffffffffffffffffffffffffffffffffffffffffffffffffffffffffffffffffffffffffffffffffffffffffffffffffffffffffffffffffffffffffffffffffffffffffffffffffffffffffffffffffffffffffffffffffffffffffffffc5697bfb03
2020-07-30 00:00:38,729 - log_packet[line:80] - INFO: [HOST]: command 'PRT_PRINT_DATA (0x0)', len=432 
2020-07-30 00:00:38,735 - get_packet[line:46] - INFO: #30 Host2Device_Packet: 020016b001ffffffffffffffffffffffffffffffffffffffffffffffffffffffffffffffffffffffffffffffffffffffffffffffffffffffffffffffffffffffffffffffffffffffffffffffffffffffffffffffffffffffffffffffffffffffffffffffffffffffffffffffffffffffffffffffffffffffffffffffffffffffffffffffffffffffffffffffffffffffffffffffffffffffffffffffffffffffffffffffffffffffffffffffffffffffffffffffffffffffffffffffffffffffffffffffffffffffffffffffffffffffffffffffffffffffffffffffffffffffffffffffffffffffffffffffffffffffffffffffffffffffffffffffffffffffffffffffffffffffffffffffffffffffffffffffffffffffffffffffffffffffffffffffffffffffffffffffffffffffffffffffffffffffffffffffffffffffffffffffffffffffffffffffffffffffffffffffffffffffffffffffffffffffffffffffffffffffffffffffffffffffffffffffffffffffffffffffffffffffffffffffffffffffffffffffffffffffffffffffffffffffffffffffffffffffffffffffffffffffffffffffffffffffffffffffffc5697bfb03
2020-07-30 00:00:38,762 - log_packet[line:80] - INFO: [HOST]: command 'PRT_PRINT_DATA (0x0)', len=432 
2020-07-30 00:00:38,763 - get_packet[line:46] - INFO: #31 Host2Device_Packet: 020017b001ffffffffffffffffffffffffffffffffffffffffffffffffffffffffffffffffffffffffffffffffffffffffffffffffffffffffffffffffffffffffffffffffffffffffffffffffffffffffffffffffffffffffffffffffffffffffffffffffffffffffffffffffffffffffffffffffffffffffffffffffffffffffffffffffffffffffffffffffffffffffffffffffffffffffffffffffffffffffffffffffffffffffffffffffffffffffffffffffffffffffffffffffffffffffffffffffffffffffffffffffffffffffffffffffffffffffffffffffffffffffffffffffffffffffffffffffffffffffffffffffffffffffffffffffffffffffffffffffffffffffffffffffffffffffffffffffffffffffffffffffffffffffffffffffffffffffffffffffffffffffffffffffffffffffffffffffffffffffffffffffffffffffffffffffffffffffffffffffffffffffffffffffffffffffffffffffffffffffffffffffffffffffffffffffffffffffffffffffffffffffffffffffffffffffffffffffffffffffffffffffffffffffffffffffffffffffffffffffffffffffffffffffffffffffffffffffc5697bfb03
2020-07-30 00:00:38,787 - log_packet[line:80] - INFO: [HOST]: command 'PRT_PRINT_DATA (0x0)', len=360 
2020-07-30 00:00:38,788 - get_packet[line:46] - INFO: #32 Host2Device_Packet: 0200186801ffffffffffffffffffffffffffffffffffffffffffffffffffffffffffffffffffffffffffffffffffffffffffffffffffffffffffffffffffffffffffffffffffffffffffffffffffffffffffffffffffffffffffffffffffffffffffffffffffffffffffffffffffffffffffffffffffffffffffffffffffffffffffffffffffffffffffffffffffffffffffffffffffffffffffffffffffffffffffffffffffffffffffffffffffffffffffffffffffffffffffffffffffffffffffffffffffffffffffffffffffffffffffffffffffffffffffffffffffffffffffffffffffffffffffffffffffffffffffffffffffffffffffffffffffffffffffffffffffffffffffffffffffffffffffffffffffffffffffffffffffffffffffffffffffffffffffffffffffffffffffffffffffffffffffffffffffffffffffffffffffffffffffffffffffffffffffffffffffffffffffffffffffffffffffffffffffffffffffffffff7875895203
2020-07-30 00:00:38,790 - log_packet[line:86] - INFO: [HOST]: command 'NO_MATCH_COMMAND (0x34)', len=1, payload='bytearray(b'\x01') (0x01))'. 
2020-07-30 00:00:38,791 - get_packet[line:46] - INFO: #33 Host2Device_Packet: 023400010001c749100f03
2020-07-30 00:00:38,792 - log_packet[line:86] - INFO: [HOST]: command 'PRT_FEED_LINE (0x1a)', len=2, payload='bytearray(b'\x18\x01') (0x1801))'. 
2020-07-30 00:00:38,794 - get_packet[line:46] - INFO: #34 Host2Device_Packet: 021a000200180159310a3b03
2020-07-30 00:00:38,800 - log_packet[line:86] - INFO: [HOST]: command 'PRT_GET_BAT_STATUS (0x10)', len=1, payload='bytearray(b'\x01') (0x01))'. 
2020-07-30 00:00:38,802 - get_packet[line:46] - INFO: #35 Host2Device_Packet: 021000010001c749100f03
2020-07-30 00:00:38,803 - log_packet[line:86] - INFO: [HOST]: command 'NO_MATCH_COMMAND (0x36)', len=1, payload='bytearray(b'\x01') (0x01))'. 
2020-07-30 00:00:38,804 - get_packet[line:46] - INFO: #36 Host2Device_Packet: 023600010001c749100f03
2020-07-30 00:00:39,078 - log_packet[line:86] - INFO: [DEVICE]: command 'NO_MATCH_COMMAND (0x35)', len=4, payload='bytearray(b'\xd4\x00\x00\x00') (0xd4000000))'. 
2020-07-30 00:00:39,086 - get_packet[line:155] - INFO: #10 Device2Host_Packet: 0235000400d40000005bf4274603
2020-07-30 00:00:39,090 - log_packet[line:86] - INFO: [DEVICE]: command 'NO_MATCH_COMMAND (0x34)', len=1, payload='bytearray(b'\x00') (0x00))'. 
2020-07-30 00:00:39,099 - get_packet[line:155] - INFO: #11 Device2Host_Packet: 0234000100005179177803
2020-07-30 00:00:39,361 - log_packet[line:86] - INFO: [DEVICE]: command 'NO_MATCH_COMMAND (0x35)', len=4, payload='bytearray(b's\x00\x00\x00') (0x73000000))'. 
2020-07-30 00:00:39,377 - get_packet[line:155] - INFO: #12 Device2Host_Packet: 023500040073000000e7d59b9603
2020-07-30 00:00:39,379 - log_packet[line:86] - INFO: [DEVICE]: command 'NO_MATCH_COMMAND (0x34)', len=1, payload='bytearray(b'\x00') (0x00))'. 
2020-07-30 00:00:39,383 - get_packet[line:155] - INFO: #13 Device2Host_Packet: 0234000100005179177803
2020-07-30 00:00:39,386 - log_packet[line:86] - INFO: [DEVICE]: command 'PRT_FEED_LINE (0x1a)', len=1, payload='bytearray(b'\x00') (0x00))'. 
2020-07-30 00:00:39,387 - get_packet[line:155] - INFO: #14 Device2Host_Packet: 021a000100005179177803
2020-07-30 00:00:39,388 - log_packet[line:86] - INFO: [DEVICE]: command 'PRT_SENT_BAT_STATUS (0x11)', len=1, payload='bytearray(b'G') (0x47))'. 
2020-07-30 00:00:39,389 - get_packet[line:155] - INFO: #15 Device2Host_Packet: 02110001004762adaf9003
2020-07-30 00:00:39,390 - log_packet[line:86] - INFO: [DEVICE]: command 'PRT_GET_BAT_STATUS (0x10)', len=1, payload='bytearray(b'\x00') (0x00))'. 
2020-07-30 00:00:39,391 - get_packet[line:155] - INFO: #16 Device2Host_Packet: 0210000100005179177803
2020-07-30 00:00:39,392 - log_packet[line:86] - INFO: [DEVICE]: command 'NO_MATCH_COMMAND (0x37)', len=1, payload='bytearray(b'\x00') (0x00))'. 
2020-07-30 00:00:39,393 - get_packet[line:155] - INFO: #17 Device2Host_Packet: 0237000100005179177803
2020-07-30 00:00:39,401 - log_packet[line:86] - INFO: [DEVICE]: command 'NO_MATCH_COMMAND (0x36)', len=1, payload='bytearray(b'\x00') (0x00))'. 
2020-07-30 00:00:39,402 - get_packet[line:155] - INFO: #18 Device2Host_Packet: 0236000100005179177803
2020-07-30 00:00:40,495 - log_packet[line:86] - INFO: [HOST]: command 'NO_MATCH_COMMAND (0x36)', len=1, payload='bytearray(b'\x01') (0x01))'. 
2020-07-30 00:00:40,504 - get_packet[line:46] - INFO: #37 Host2Device_Packet: 023600010001c749100f03
2020-07-30 00:00:40,529 - log_packet[line:86] - INFO: [DEVICE]: command 'NO_MATCH_COMMAND (0x37)', len=1, payload='bytearray(b'\x00') (0x00))'. 
2020-07-30 00:00:40,541 - get_packet[line:155] - INFO: #19 Device2Host_Packet: 0237000100005179177803
2020-07-30 00:00:40,548 - log_packet[line:86] - INFO: [DEVICE]: command 'NO_MATCH_COMMAND (0x36)', len=1, payload='bytearray(b'\x00') (0x00))'. 
2020-07-30 00:00:40,553 - get_packet[line:155] - INFO: #20 Device2Host_Packet: 0236000100005179177803
2020-07-30 00:00:41,650 - log_packet[line:86] - INFO: [HOST]: command 'NO_MATCH_COMMAND (0x36)', len=1, payload='bytearray(b'\x01') (0x01))'. 
2020-07-30 00:00:41,660 - get_packet[line:46] - INFO: #38 Host2Device_Packet: 023600010001c749100f03
2020-07-30 00:00:41,682 - log_packet[line:86] - INFO: [DEVICE]: command 'NO_MATCH_COMMAND (0x37)', len=1, payload='bytearray(b'\x01') (0x01))'. 
2020-07-30 00:00:41,689 - get_packet[line:155] - INFO: #21 Device2Host_Packet: 023700010001c749100f03
2020-07-30 00:00:41,693 - log_packet[line:86] - INFO: [DEVICE]: command 'NO_MATCH_COMMAND (0x36)', len=1, payload='bytearray(b'\x00') (0x00))'. 
2020-07-30 00:00:41,695 - get_packet[line:155] - INFO: #22 Device2Host_Packet: 0236000100005179177803
2020-07-30 00:00:41,781 - log_packet[line:86] - INFO: [HOST]: command 'NO_MATCH_COMMAND (0x34)', len=1, payload='bytearray(b'\x01') (0x01))'. 
2020-07-30 00:00:41,793 - get_packet[line:46] - INFO: #39 Host2Device_Packet: 023400010001c749100f03
2020-07-30 00:00:41,828 - log_packet[line:86] - INFO: [HOST]: command 'NO_MATCH_COMMAND (0x3c)', len=1, payload='bytearray(b'\x01') (0x01))'. 
2020-07-30 00:00:41,832 - get_packet[line:46] - INFO: #40 Host2Device_Packet: 023c00010001c749100f03
2020-07-30 00:00:41,856 - log_packet[line:86] - INFO: [DEVICE]: command 'NO_MATCH_COMMAND (0x35)', len=4, payload='bytearray(b'\xa7\x02\x00\x00') (0xa7020000))'. 
2020-07-30 00:00:41,863 - get_packet[line:155] - INFO: #23 Device2Host_Packet: 0235000400a7020000472f293c03
2020-07-30 00:00:41,868 - log_packet[line:86] - INFO: [DEVICE]: command 'NO_MATCH_COMMAND (0x34)', len=1, payload='bytearray(b'\x00') (0x00))'. 
2020-07-30 00:00:41,874 - get_packet[line:155] - INFO: #24 Device2Host_Packet: 0234000100005179177803
2020-07-30 00:00:41,877 - log_packet[line:86] - INFO: [DEVICE]: command 'NO_MATCH_COMMAND (0x3d)', len=4, payload='bytearray(b'\x02\x00\x00\x00') (0x02000000))'. 
2020-07-30 00:00:41,878 - get_packet[line:155] - INFO: #25 Device2Host_Packet: 023d000400020000001e12184503
2020-07-30 00:00:41,881 - log_packet[line:86] - INFO: [DEVICE]: command 'NO_MATCH_COMMAND (0x3c)', len=1, payload='bytearray(b'\x00') (0x00))'. 
2020-07-30 00:00:41,882 - get_packet[line:155] - INFO: #26 Device2Host_Packet: 023c000100005179177803
