2020-07-29 20:43:26,310 - connect_host[line:82] - INFO: Host connected(COM10).
2020-07-29 20:43:26,312 - start_serial_worker[line:95] - INFO: Start to handle serial data ...
2020-07-29 20:43:31,186 - get_packet[line:55] - INFO: #0 Host2Device_Packet: 022700010064a2db95f403
2020-07-29 20:43:31,201 - handle_recv_cmd[line:210] - INFO: Received command 'PRT_SET_MAX_GAP_LENGTH (0x27)', len=1, payload='bytearray(b'd') (0x64))'. 
2020-07-29 20:43:31,222 - send_ack[line:115] - INFO: sent ACK (0) to command 'PRT_SET_MAX_GAP_LENGTH (0x27)'. 
2020-07-29 20:43:31,225 - send_data[line:105] - INFO: #0 Device2Host_Packet: 02270001000046895e9e03
2020-07-29 20:43:31,228 - get_packet[line:55] - INFO: #1 Host2Device_Packet: 02190001005f86329e4503
2020-07-29 20:43:31,230 - handle_recv_cmd[line:210] - INFO: Received command 'PRT_SET_HEAT_DENSITY (0x19)', len=1, payload='bytearray(b'_') (0x5f))'. 
2020-07-29 20:43:31,233 - handle_set_heat_density[line:183] - INFO: Heat density set to 95%
2020-07-29 20:43:31,235 - send_ack[line:115] - INFO: sent ACK (0) to command 'PRT_SET_HEAT_DENSITY (0x19)'. 
2020-07-29 20:43:31,238 - send_data[line:105] - INFO: #1 Device2Host_Packet: 02190001000046895e9e03
2020-07-29 20:43:31,250 - get_packet[line:55] - INFO: #2 Host2Device_Packet: 023400010001754e4dc903
2020-07-29 20:43:31,251 - handle_recv_cmd[line:210] - INFO: Received command 'NO_MATCH_COMMAND (0x34)', len=1, payload='bytearray(b'\x01') (0x01))'. 
2020-07-29 20:43:31,253 - send_ack[line:115] - INFO: sent ACK (0) to command 'NO_MATCH_COMMAND (0x34)'. 
2020-07-29 20:43:31,255 - send_data[line:105] - INFO: #2 Device2Host_Packet: 02340001000046895e9e03
2020-07-29 20:43:31,263 - get_packet[line:55] - INFO: #3 Host2Device_Packet: 023c00010001754e4dc903
2020-07-29 20:43:31,265 - handle_recv_cmd[line:210] - INFO: Received command 'NO_MATCH_COMMAND (0x3c)', len=1, payload='bytearray(b'\x01') (0x01))'. 
2020-07-29 20:43:31,266 - send_ack[line:115] - INFO: sent ACK (0) to command 'NO_MATCH_COMMAND (0x3c)'. 
2020-07-29 20:43:31,268 - send_data[line:105] - INFO: #3 Device2Host_Packet: 023c0001000046895e9e03
2020-07-29 20:43:31,271 - get_packet[line:55] - INFO: #4 Host2Device_Packet: 021a0002000a00bbfe501103
2020-07-29 20:43:31,279 - handle_recv_cmd[line:210] - INFO: Received command 'PRT_FEED_LINE (0x1a)', len=2, payload='bytearray(b'\n\x00') (0x0a00))'. 
2020-07-29 20:43:31,280 - send_ack[line:115] - INFO: sent ACK (0) to command 'PRT_FEED_LINE (0x1a)'. 
2020-07-29 20:43:31,281 - send_data[line:105] - INFO: #4 Device2Host_Packet: 021a0001000046895e9e03
2020-07-29 20:43:31,283 - get_packet[line:55] - INFO: #5 Host2Device_Packet: 022c00010000e37e4abe03
2020-07-29 20:43:31,284 - handle_recv_cmd[line:210] - INFO: Received command 'PRT_SET_PAPER_TYPE (0x2c)', len=1, payload='bytearray(b'\x00') (0x00))'. 
2020-07-29 20:43:31,285 - send_ack[line:115] - INFO: sent ACK (0) to command 'PRT_SET_PAPER_TYPE (0x2c)'. 
2020-07-29 20:43:31,286 - send_data[line:105] - INFO: #5 Device2Host_Packet: 022c0001000046895e9e03
2020-07-29 20:43:31,288 - get_packet[line:55] - INFO: #6 Host2Device_Packet: 020000b001ffffffffffffffffffffffffffffffffffffffffffffffffffffffffffffffffffffffffffffffffffffffffffffffffffffffffffffffffffffffffffffffffffffffffffffffffffffffffffffffffffffffffffffffffffffffffffffffffffffffffffffffffffffffffffffffffffffffffffffffffffffffffffffffffffffffffffffffffffffffffffffffffffffffffffffffffffffffffffffffffffffffffffffffffffffffffffffffffffffffffffffffffffffffffffffffffffffffffffffffffffffffffffffffffffffffffffffffffffffffffffffffffffffffffffffffffffffffffffffffffffffffffffffffffffffffffffffffffffffffffffffffffffffffffffffffffffffffffffffffffffffffffffffffffffffffffffffffffffffffffffffffffffffffffffffffffffffffffffffffffffffffffffffffffffffffffffffffffffffffffffffffffffffffffffffffffffffffffffffffffffffffffffffffffffffffffffffffffffffffffffffffffffffffffffffffffffffffffffffffffffffffffffffffffffffffffffffffffffffffffffffffffffffffffffffffff43e12e3603
2020-07-29 20:43:31,294 - handle_recv_cmd[line:215] - INFO: Received command 'PRT_PRINT_DATA (0x0)', len=432 
2020-07-29 20:43:31,296 - send_ack[line:115] - INFO: sent ACK (0) to command 'PRT_PRINT_DATA (0x0)'. 
2020-07-29 20:43:31,297 - send_data[line:105] - INFO: #6 Device2Host_Packet: 02000001000046895e9e03
2020-07-29 20:43:31,299 - get_packet[line:55] - INFO: #7 Host2Device_Packet: 020001b001ffffffffffffffffffffffffffffffffffffffffffffffffffffffffffffffffffffffffffffffffffffffffffffffffffffffffffffffffffffffffffffffffffffffffffffffffffffffffffffffffffffffffffffffffffffffffffffffffffffffffffffffffffffffffffffffffffffffffffffffffffffffffffffffffffffffffffffffffffffffffffffffffffffffffffffffffffffffffffffffffffffffffffffffffffffffffffffffffffffffffffffffffffffffffffffffffffffffffffffffffffffffffffffffffffffffffffffffffffffffffffffffffffffffffffffffffffffffffffffffffffffffffffffffffffffffffffffffffffffffffffffffffffffffffffffffffffffffffffffffffffffffffffffffffffffffffffffffffffffffffffffffffffffffffffffffffffffffffffffffffffffffffffffffffffffffffffffffffffffffffffffffffffffffffffffffffffffffffffffffffffffffffffffffffffffffffffffffffffffffffffffffffffffffffffffffffffffffffffffffffffffffffffffffffffffffffffffffffffffffffffffffffffffffffffffffff43e12e3603
2020-07-29 20:43:31,300 - handle_recv_cmd[line:215] - INFO: Received command 'PRT_PRINT_DATA (0x0)', len=432 
2020-07-29 20:43:31,302 - send_ack[line:115] - INFO: sent ACK (0) to command 'PRT_PRINT_DATA (0x0)'. 
2020-07-29 20:43:31,303 - send_data[line:105] - INFO: #7 Device2Host_Packet: 02000001000046895e9e03
2020-07-29 20:43:31,329 - get_packet[line:55] - INFO: #8 Host2Device_Packet: 020002b001ffffffffffffffffffffffffffffffffffffffffffffffffffffffffffffffffffffffffffffffffffffffffffffffffffffffffffffffffffffffffffffffffffffffffffffffffffffffffffffffffffffffffffffffffffffffffffffffffffffffffffffffffffffffffffffffffffffffffffffffffffffffffffffffffffffffffffffffffffffffffffffffffffffffffffffffffffffffffffffffffffffffffffffffffffffffffffffffffffffffffffffffffffffffffffffffffffffffffffffffffffffffffffffffffffffffffffffffffffffffffffffffffffffffffffffffffffffffffffffffffffffffffffffffffffffffffffffffffffffffffffffffffffffffffffffffffffffffffffffffffffffffffffffffffffffffffffffffffffffffffffffffffffffffffffffffffffffffffffffffffffffffffffffffffffffffffffffffffffffffffffffffffffffffffffffffffffffffffffffffffffffffffffffffffffffffffffffffffffffffffffffffffffffffffffffffffffffffffffffffffffffffffffffffffffffffffffffffffffffffffffffffffffffffffffffffff43e12e3603
2020-07-29 20:43:31,332 - handle_recv_cmd[line:215] - INFO: Received command 'PRT_PRINT_DATA (0x0)', len=432 
2020-07-29 20:43:31,333 - send_ack[line:115] - INFO: sent ACK (0) to command 'PRT_PRINT_DATA (0x0)'. 
2020-07-29 20:43:31,334 - send_data[line:105] - INFO: #8 Device2Host_Packet: 02000001000046895e9e03
2020-07-29 20:43:31,374 - get_packet[line:55] - INFO: #9 Host2Device_Packet: 020003b001ffffffffffffffffffffffffffffffffffffffffffffffffffffffffffffffffffffffffffffffffffffffffffffffffffffffffffffffffffffffffffffffffffffffffffffffffffffffffffffffffffffffffffffffffffffffffffffffffffffffffffffffffffffffffffffffffffffffffffffffffffffffffffffffffffffffffffffffffffffffffffffffffffffffffffffffffffffffffffffffffffffffffffffffffffffffffffffffffffffffffffffffffffffffffffffffffffffffffffffffffffffffffffffffffffffffffffffffffffffffffffffffffffffffffffffffffffffffffffffffffffffffffffffffffffffffffffffffffffffffffffffffffffffffffffffffffffffffffffffffffffffffffffffffffffffffffffffffffffffffffffffffffffffffffffffffffffffffffffffffffffffffffffffffffffffffffffffffffffffffffffffffffffffffffffffffffffffffffffffffffffffffffffffffffffffffffffffffffffffffffffffffffffffffffffffffffffffffffffffffffffffffffffffffffffffffffffffffffffffffffffffffffffffffffffffffff43e12e3603
2020-07-29 20:43:31,377 - handle_recv_cmd[line:215] - INFO: Received command 'PRT_PRINT_DATA (0x0)', len=432 
2020-07-29 20:43:31,383 - send_ack[line:115] - INFO: sent ACK (0) to command 'PRT_PRINT_DATA (0x0)'. 
2020-07-29 20:43:31,384 - send_data[line:105] - INFO: #9 Device2Host_Packet: 02000001000046895e9e03
2020-07-29 20:43:31,417 - get_packet[line:55] - INFO: #10 Host2Device_Packet: 020004b001ffffffffffffffffffffffffffffffffffffffffffffffffffffffffffffffffffffffffffffffffffffffffffffffffffffffffffffffffffffffffffffffffffffffffffffffffffffffffffffffffffffffffffffffffffffffffffffffffffffffffffffffffffffffffffffffffffffffffffffffffffffffffffffffffffffffffffffffffffffffffffffffffffffffffffffffffffffffffffffffffffffffffffffffffffffffffffffffffffffffffffffffffffffffffffffffffffffffffffffffffffffffffffffffffffffffffffffffffffffffffffffffffffffffffffffffffffffffffffffffffffffffffffffffffffffffffffffffffffffffffffffffffffffffffffffffffffffffffffffffffffffffffffffffffffffffffffffffffffffffffffffffffffffffffffffffffffffffffffffffffffffffffffffffffffffffffffffffffffffffffffffffffffffffffffffffffffffffffffffffffffffffffffffffffffffffffffffffffffffffffffffffffffffffffffffffffffffffffffffffffffffffffffffffffffffffffffffffffffffffffffffffffffffffffffffffff43e12e3603
2020-07-29 20:43:31,420 - handle_recv_cmd[line:215] - INFO: Received command 'PRT_PRINT_DATA (0x0)', len=432 
2020-07-29 20:43:31,421 - send_ack[line:115] - INFO: sent ACK (0) to command 'PRT_PRINT_DATA (0x0)'. 
2020-07-29 20:43:31,428 - send_data[line:105] - INFO: #10 Device2Host_Packet: 02000001000046895e9e03
2020-07-29 20:43:31,462 - get_packet[line:55] - INFO: #11 Host2Device_Packet: 020005b001ffffffffffffffffffffffffffffffffffffffffffffffffffffffffffffffffffffffffffffffffffffffffffffffffffffffffffffffffffffffffffffffffffffffffffffffffffffffffffffffffffffffffffffffffffffffffffffffffffffffffffffffffffffffffffffffffffffffffffffffffffffffffffffffffffffffffffffffffffffffffffffffffffffffffffffffffffffffffffffffffffffffffffffffffffffffffffffffffffffffffffffffffffffffffffffffffffffffffffffffffffffffffffffffffffffffffffffffffffffffffffffffffffffffffffffffffffffffffffffffffffffffffffffffffffffffffffffffffffffffffffffffffffffffffffffffffffffffffffffffffffffffffffffffffffffffffffffffffffffffffffffffffffffffffffffffffffffffffffffffffffffffffffffffffffffffffffffffffffffffffffffffffffffffffffffffffffffffffffffffffffffffffffffffffffffffffffffffffffffffffffffffffffffffffffffffffffffffffffffffffffffffffffffffffffffffffffffffffffffffffffffffffffffffffffffffff43e12e3603
2020-07-29 20:43:31,465 - handle_recv_cmd[line:215] - INFO: Received command 'PRT_PRINT_DATA (0x0)', len=432 
2020-07-29 20:43:31,472 - send_ack[line:115] - INFO: sent ACK (0) to command 'PRT_PRINT_DATA (0x0)'. 
2020-07-29 20:43:31,473 - send_data[line:105] - INFO: #11 Device2Host_Packet: 02000001000046895e9e03
2020-07-29 20:43:31,508 - get_packet[line:55] - INFO: #12 Host2Device_Packet: 020006b001ffffffffffffffffffffffffffffffffffffffffffffffffffffffffffffffffffffffffffffffffffffffffffffffffffffffffffffffffffffffffffffffffffffffffffffffffffffffffffffffffffffffffffffffffffffffffffffffffffffffffffffffffffffffffffffffffffffffffffffffffffffffffffffffffffffffffffffffffffffffffffffffffffffffffffffffffffffffffffffffffffffffffffffffffffffffffffffffffffffffffffffffffffffffffffffffffffffffffffffffffffffffffffffffffffffffffffffffffffffffffffffffffffffffffffffffffffffffffffffffffffffffffffffffffffffffffffffffffffffffffffffffffffffffffffffffffffffffffffffffffffffffffffffffffffffffffffffffffffffffffffffffffffffffffffffffffffffffffffffffffffffffffffffffffffffffffffffffffffffffffffffffffffffffffffffffffffffffffffffffffffffffffffffffffffffffffffffffffffffffffffffffffffffffffffffffffffffffffffffffffffffffffffffffffffffffffffffffffffffffffffffffffffffffffffffffff43e12e3603
2020-07-29 20:43:31,525 - handle_recv_cmd[line:215] - INFO: Received command 'PRT_PRINT_DATA (0x0)', len=432 
2020-07-29 20:43:31,527 - send_ack[line:115] - INFO: sent ACK (0) to command 'PRT_PRINT_DATA (0x0)'. 
2020-07-29 20:43:31,529 - send_data[line:105] - INFO: #12 Device2Host_Packet: 02000001000046895e9e03
2020-07-29 20:43:31,532 - get_packet[line:55] - INFO: #13 Host2Device_Packet: 020007b001ffffffffffffffffffffffffffffffffffffffffffffffffffffffffffffffffffffffffffffffffffffffffffffffffffffffffffffffffffffffffffffffffffffffffffffffffffffffffffffffffffffffffffffffffffffffffffffffffffffffffffffffffffffffffffffffffffffffffffffffffffffffffffffffffffffffffffffffffffffffffffffffffffffffffffffffffffffffffffffffffffffffffffffffffffffffffffffffffffffffffffffffffffffffffffffffffffffffffffffffffffffffffffffffffffffffffffffffffffffffffffffffffffffffffffffffffffffffffffffffffffffffffffffffffffffffffffffffffffffffffffffffffffffffffffffffffffffffffffffffffffffffffffffffffffffffffffffffffffffffffffffffffffffffffffffffffffffffffffffffffffffffffffffffffffffffffffffffffffffffffffffffffffffffffffffffffffffffffffffffffffffffffffffffffffffffffffffffffffffffffffffffffffffffffffffffffffffffffffffffffffffffffffffffffffffffffffffffffffffffffffffffffffffffffffffffff43e12e3603
2020-07-29 20:43:31,538 - handle_recv_cmd[line:215] - INFO: Received command 'PRT_PRINT_DATA (0x0)', len=432 
2020-07-29 20:43:31,547 - send_ack[line:115] - INFO: sent ACK (0) to command 'PRT_PRINT_DATA (0x0)'. 
2020-07-29 20:43:31,549 - send_data[line:105] - INFO: #13 Device2Host_Packet: 02000001000046895e9e03
2020-07-29 20:43:31,552 - get_packet[line:55] - INFO: #14 Host2Device_Packet: 020008b001ffffffffffffffffffffffffffffffffffffffffffffffffffffffffffffffffffffffffffffffffffffffffffffffffffffffffffffffffffffffffffffffffffffffffffffffffffffffffffffffffffffffffffffffffffffffffffffffffffffffffffffffffffffffffffffffffffffffffffffffffffffffffffffffffffffffffffffffffffffffffffffffffffffffffffffffffffffffffffffffffffffffffffffffffffffffffffffffffffffffffffffffffffffffffffffffffffffffffffffffffffffffffffffffffffffffffffffffffffffffffffffffffffffffffffffffffffffffffffffffffffffffffffffffffffffffffffffffffffffffffffffffffffffffffffffffffffffffffffffffffffffffffffffffffffffffffffffffffffffffffffffffffffffffffffffffffffffffffffffffffffffffffffffffffffffffffffffffffffffffffffffffffffffffffffffffffffffffffffffffffffffffffffffffffffffffffffffffffffffffffffffffffffffffffffffffffffffffffffffffffffffffffffffffffffffffffffffffffffffffffffffffffffffffffffffffff43e12e3603
2020-07-29 20:43:31,561 - handle_recv_cmd[line:215] - INFO: Received command 'PRT_PRINT_DATA (0x0)', len=432 
2020-07-29 20:43:31,562 - send_ack[line:115] - INFO: sent ACK (0) to command 'PRT_PRINT_DATA (0x0)'. 
2020-07-29 20:43:31,563 - send_data[line:105] - INFO: #14 Device2Host_Packet: 02000001000046895e9e03
2020-07-29 20:43:31,596 - get_packet[line:55] - INFO: #15 Host2Device_Packet: 020009b001ffffffffffffffffffffffffffffffffffffffffffffffffffffffffffffffffffffffffffffffffffffffffffffffffffffffffffffffffffffffffffffffffffffffffffffffffffffffffffffffffffffffffffffffffffffffffffffffffffffffffffffffffffffffffffffffffffffffffffffffffffffffffffffffffffffffffffffffffffffffffffffffffffffffffffffffffffffffffffffffffffffffffffffffffffffffffffffffffffffffffffffffffffffffffffffffffffffffffffffffffffffffffffffffffffffffffffffffffffffffffffffffffffffffffffffffffffffffffffffffffffffffffffffffffffffffffffffffffffffffffffffffffffffffffffffffffffffffffffffffffffffffffffffffffffffffffffffffffffffffffffffffffffffffffffffffffffffffffffffffffffffffffffffffffffffffffffffffffffffffffffffffffffffffffffffffffffffffffffffffffffffffffffffffffffffffffffffffffffffffffffffffffffffffffffffffffffffffffffffffffffffffffffffffffffffffffffffffffffffffffffffffffffffffffffffffff43e12e3603
2020-07-29 20:43:31,600 - handle_recv_cmd[line:215] - INFO: Received command 'PRT_PRINT_DATA (0x0)', len=432 
2020-07-29 20:43:31,609 - send_ack[line:115] - INFO: sent ACK (0) to command 'PRT_PRINT_DATA (0x0)'. 
2020-07-29 20:43:31,611 - send_data[line:105] - INFO: #15 Device2Host_Packet: 02000001000046895e9e03
2020-07-29 20:43:31,614 - get_packet[line:55] - INFO: #16 Host2Device_Packet: 023400010001754e4dc903
2020-07-29 20:43:31,617 - handle_recv_cmd[line:210] - INFO: Received command 'NO_MATCH_COMMAND (0x34)', len=1, payload='bytearray(b'\x01') (0x01))'. 
2020-07-29 20:43:31,620 - send_ack[line:115] - INFO: sent ACK (0) to command 'NO_MATCH_COMMAND (0x34)'. 
2020-07-29 20:43:31,633 - send_data[line:105] - INFO: #16 Device2Host_Packet: 02340001000046895e9e03
2020-07-29 20:43:31,642 - get_packet[line:55] - INFO: #17 Host2Device_Packet: 02000ab001ffffffffffffffffffffffffffffffffffffffffffffffffffffffffffffffffffffffffffffffffffffffffffffffffffffffffffffffffffffffffffffffffffffffffffffffffffffffffffffffffffffffffffffffffffffffffffffffffffffffffffffffffffffffffffffffffffffffffffffffffffffffffffffffffffffffffffffffffffffffffffffffffffffffffffffffffffffffffffffffffffffffffffffffffffffffffffffffffffffffffffffffffffffffffffffffffffffffffffffffffffffffffffffffffffffffffffffffffffffffffffffffffffffffffffffffffffffffffffffffffffffffffffffffffffffffffffffffffffffffffffffffffffffffffffffffffffffffffffffffffffffffffffffffffffffffffffffffffffffffffffffffffffffffffffffffffffffffffffffffffffffffffffffffffffffffffffffffffffffffffffffffffffffffffffffffffffffffffffffffffffffffffffffffffffffffffffffffffffffffffffffffffffffffffffffffffffffffffffffffffffffffffffffffffffffffffffffffffffffffffffffffffffffffffffffffff43e12e3603
2020-07-29 20:43:31,651 - handle_recv_cmd[line:215] - INFO: Received command 'PRT_PRINT_DATA (0x0)', len=432 
2020-07-29 20:43:31,654 - send_ack[line:115] - INFO: sent ACK (0) to command 'PRT_PRINT_DATA (0x0)'. 
2020-07-29 20:43:31,663 - send_data[line:105] - INFO: #17 Device2Host_Packet: 02000001000046895e9e03
2020-07-29 20:43:31,687 - get_packet[line:55] - INFO: #18 Host2Device_Packet: 02000bb001ffffffffffffffffffffffffffffffffffffffffffffffffffffffffffffffffffffffffffffffffffffffffffffffffffffffffffffffffffffffffffffffffffffffffffffffffffffffffffffffffffffffffffffffffffffffffffffffffffffffffffffffffffffffffffffffffffffffffffffffffffffffffffffffffffffffffffffffffffffffffffffffffffffffffffffffffffffffffffffffffffffffffffffffffffffffffffffffffffffffffffffffffffffffffffffffffffffffffffffffffffffffffffffffffffffffffffffffffffffffffffffffffffffffffffffffffffffffffffffffffffffffffffffffffffffffffffffffffffffffffffffffffffffffffffffffffffffffffffffffffffffffffffffffffffffffffffffffffffffffffffffffffffffffffffffffffffffffffffffffffffffffffffffffffffffffffffffffffffffffffffffffffffffffffffffffffffffffffffffffffffffffffffffffffffffffffffffffffffffffffffffffffffffffffffffffffffffffffffffffffffffffffffffffffffffffffffffffffffffffffffffffffffffffffffffffff43e12e3603
2020-07-29 20:43:31,696 - handle_recv_cmd[line:215] - INFO: Received command 'PRT_PRINT_DATA (0x0)', len=432 
2020-07-29 20:43:31,698 - send_ack[line:115] - INFO: sent ACK (0) to command 'PRT_PRINT_DATA (0x0)'. 
2020-07-29 20:43:31,700 - send_data[line:105] - INFO: #18 Device2Host_Packet: 02000001000046895e9e03
2020-07-29 20:43:31,731 - get_packet[line:55] - INFO: #19 Host2Device_Packet: 02000cb001ffffffffffffffffffffffffffffffffffffffffffffffffffffffffffffffffffffffffffffffffffffffffffffffffffffffffffffffffffffffffffffffffffffffffffffffffffffffffffffffffffffffffffffffffffffffffffffffffffffffffffffffffffffffffffffffffffffffffffffffffffffffffffffffffffffffffffffffffffffffffffffffffffffffffffffffffffffffffffffffffffffffffffffffffffffffffffffffffffffffffffffffffffffffffffffffffffffffffffffffffffffffffffffffffffffffffffffffffffffffffffffffffffffffffffffffffffffffffffffffffffffffffffffffffffffffffffffffffffffffffffffffffffffffffffffffffffffffffffffffffffffffffffffffffffffffffffffffffffffffffffffffffffffffffffffffffffffffffffffffffffffffffffffffffffffffffffffffffffffffffffffffffffffffffffffffffffffffffffffffffffffffffffffffffffffffffffffffffffffffffffffffffffffffffffffffffffffffffffffffffffffffffffffffffffffffffffffffffffffffffffffffffffffffffffffffff43e12e3603
2020-07-29 20:43:31,734 - handle_recv_cmd[line:215] - INFO: Received command 'PRT_PRINT_DATA (0x0)', len=432 
2020-07-29 20:43:31,736 - send_ack[line:115] - INFO: sent ACK (0) to command 'PRT_PRINT_DATA (0x0)'. 
2020-07-29 20:43:31,746 - send_data[line:105] - INFO: #19 Device2Host_Packet: 02000001000046895e9e03
2020-07-29 20:43:31,776 - get_packet[line:55] - INFO: #20 Host2Device_Packet: 02000db001ffffffffffffffffffffffffffffffffffffffffffffffffffffffffffffffffffffffffffffffffffffffffffffffffffffffffffffffffffffffffffffffffffffffffffffffffffffffffffffffffffffffffffffffffffffffffffffffffffffffffffffffffffffffffffffffffffffffffffffffffffffffffffffffffffffffffffffffffffffffffffffffffffffffffffffffffffffffffffffffffffffffffffffffffffffffffffffffffffffffffffffffffffffffffffffffffffffffffffffffffffffffffffffffffffffffffffffffffffffffffffffffffffffffffffffffffffffffffffffffffffffffffffffffffffffffffffffffffffffffffffffffffffffffffffffffffffffffffffffffffffffffffffffffffffffffffffffffffffffffffffffffffffffffffffffffffffffffffffffffffffffffffffffffffffffffffffffffffffffffffffffffffffffffffffffffffffffffffffffffffffffffffffffffffffffffffffffffffffffffffffffffffffffffffffffffffffffffffffffffffffffffffffffffffffffffffffffffffffffffffffffffffffffffffffffffff43e12e3603
2020-07-29 20:43:31,779 - handle_recv_cmd[line:215] - INFO: Received command 'PRT_PRINT_DATA (0x0)', len=432 
2020-07-29 20:43:31,780 - send_ack[line:115] - INFO: sent ACK (0) to command 'PRT_PRINT_DATA (0x0)'. 
2020-07-29 20:43:31,781 - send_data[line:105] - INFO: #20 Device2Host_Packet: 02000001000046895e9e03
2020-07-29 20:43:31,783 - get_packet[line:55] - INFO: #21 Host2Device_Packet: 02000eb001ffffffffffffffffffffffffffffffffffffffffffffffffffffffffffffffffffffffffffffffffffffffffffffffffffffffffffffffffffffffffffffffffffffffffffffffffffffffffffffffffffffffffffffffffffffffffffffffffffffffffffffffffffffffffffffffffffffffffffffffffffffffffffffffffffffffffffffffffffffffffffffffffffffffffffffffffffffffffffffffffffffffffffffffffffffffffffffffffffffffffffffffffffffffffffffffffffffffffffffffffffffffffffffffffffffffffffffffffffffffffffffffffffffffffffffffffffffffffffffffffffffffffffffffffffffffffffffffffffffffffffffffffffffffffffffffffffffffffffffffffffffffffffffffffffffffffffffffffffffffffffffffffffffffffffffffffffffffffffffffffffffffffffffffffffffffffffffffffffffffffffffffffffffffffffffffffffffffffffffffffffffffffffffffffffffffffffffffffffffffffffffffffffffffffffffffffffffffffffffffffffffffffffffffffffffffffffffffffffffffffffffffffffffffffffffffff43e12e3603
2020-07-29 20:43:31,785 - handle_recv_cmd[line:215] - INFO: Received command 'PRT_PRINT_DATA (0x0)', len=432 
2020-07-29 20:43:31,786 - send_ack[line:115] - INFO: sent ACK (0) to command 'PRT_PRINT_DATA (0x0)'. 
2020-07-29 20:43:31,787 - send_data[line:105] - INFO: #21 Device2Host_Packet: 02000001000046895e9e03
2020-07-29 20:43:31,821 - get_packet[line:55] - INFO: #22 Host2Device_Packet: 02000fb001ffffffffffffffffffffffffffffffffffffffffffffffffffffffffffffffffffffffffffffffffffffffffffffffffffffffffffffffffffffffffffffffffffffffffffffffffffffffffffffffffffffffffffffffffffffffffffffffffffffffffffffffffffffffffffffffffffffffffffffffffffffffffffffffffffffffffffffffffffffffffffffffffffffffffffffffffffffffffffffffffffffffffffffffffffffffffffffffffffffffffffffffffffffffffffffffffffffffffffffffffffffffffffffffffffffffffffffffffffffffffffffffffffffffffffffffffffffffffffffffffffffffffffffffffffffffffffffffffffffffffffffffffffffffffffffffffffffffffffffffffffffffffffffffffffffffffffffffffffffffffffffffffffffffffffffffffffffffffffffffffffffffffffffffffffffffffffffffffffffffffffffffffffffffffffffffffffffffffffffffffffffffffffffffffffffffffffffffffffffffffffffffffffffffffffffffffffffffffffffffffffffffffffffffffffffffffffffffffffffffffffffffffffffffffffffffff43e12e3603
2020-07-29 20:43:31,823 - handle_recv_cmd[line:215] - INFO: Received command 'PRT_PRINT_DATA (0x0)', len=432 
2020-07-29 20:43:31,829 - send_ack[line:115] - INFO: sent ACK (0) to command 'PRT_PRINT_DATA (0x0)'. 
2020-07-29 20:43:31,831 - send_data[line:105] - INFO: #22 Device2Host_Packet: 02000001000046895e9e03
2020-07-29 20:43:31,865 - get_packet[line:55] - INFO: #23 Host2Device_Packet: 020010b001ffffffffffffffffffffffffffffffffffffffffffffffffffffffffffffffffffffffffffffffffffffffffffffffffffffffffffffffffffffffffffffffffffffffffffffffffffffffffffffffffffffffffffffffffffffffffffffffffffffffffffffffffffffffffffffffffffffffffffffffffffffffffffffffffffffffffffffffffffffffffffffffffffffffffffffffffffffffffffffffffffffffffffffffffffffffffffffffffffffffffffffffffffffffffffffffffffffffffffffffffffffffffffffffffffffffffffffffffffffffffffffffffffffffffffffffffffffffffffffffffffffffffffffffffffffffffffffffffffffffffffffffffffffffffffffffffffffffffffffffffffffffffffffffffffffffffffffffffffffffffffffffffffffffffffffffffffffffffffffffffffffffffffffffffffffffffffffffffffffffffffffffffffffffffffffffffffffffffffffffffffffffffffffffffffffffffffffffffffffffffffffffffffffffffffffffffffffffffffffffffffffffffffffffffffffffffffffffffffffffffffffffffffffffffffffffff43e12e3603
2020-07-29 20:43:31,867 - handle_recv_cmd[line:215] - INFO: Received command 'PRT_PRINT_DATA (0x0)', len=432 
2020-07-29 20:43:31,868 - send_ack[line:115] - INFO: sent ACK (0) to command 'PRT_PRINT_DATA (0x0)'. 
2020-07-29 20:43:31,869 - send_data[line:105] - INFO: #23 Device2Host_Packet: 02000001000046895e9e03
2020-07-29 20:43:31,910 - get_packet[line:55] - INFO: #24 Host2Device_Packet: 020011b001ffffffffffffffffffffffffffffffffffffffffffffffffffffffffffffffffffffffffffffffffffffffffffffffffffffffffffffffffffffffffffffffffffffffffffffffffffffffffffffffffffffffffffffffffffffffffffffffffffffffffffffffffffffffffffffffffffffffffffffffffffffffffffffffffffffffffffffffffffffffffffffffffffffffffffffffffffffffffffffffffffffffffffffffffffffffffffffffffffffffffffffffffffffffffffffffffffffffffffffffffffffffffffffffffffffffffffffffffffffffffffffffffffffffffffffffffffffffffffffffffffffffffffffffffffffffffffffffffffffffffffffffffffffffffffffffffffffffffffffffffffffffffffffffffffffffffffffffffffffffffffffffffffffffffffffffffffffffffffffffffffffffffffffffffffffffffffffffffffffffffffffffffffffffffffffffffffffffffffffffffffffffffffffffffffffffffffffffffffffffffffffffffffffffffffffffffffffffffffffffffffffffffffffffffffffffffffffffffffffffffffffffffffffffffffffffff43e12e3603
2020-07-29 20:43:31,927 - handle_recv_cmd[line:215] - INFO: Received command 'PRT_PRINT_DATA (0x0)', len=432 
2020-07-29 20:43:31,929 - send_ack[line:115] - INFO: sent ACK (0) to command 'PRT_PRINT_DATA (0x0)'. 
2020-07-29 20:43:31,931 - send_data[line:105] - INFO: #24 Device2Host_Packet: 02000001000046895e9e03
2020-07-29 20:43:31,955 - get_packet[line:55] - INFO: #25 Host2Device_Packet: 020012b001ffffffffffffffffffffffffffffffffffffffffffffffffffffffffffffffffffffffffffffffffffffffffffffffffffffffffffffffffffffffffffffffffffffffffffffffffffffffffffffffffffffffffffffffffffffffffffffffffffffffffffffffffffffffffffffffffffffffffffffffffffffffffffffffffffffffffffffffffffffffffffffffffffffffffffffffffffffffffffffffffffffffffffffffffffffffffffffffffffffffffffffffffffffffffffffffffffffffffffffffffffffffffffffffffffffffffffffffffffffffffffffffffffffffffffffffffffffffffffffffffffffffffffffffffffffffffffffffffffffffffffffffffffffffffffffffffffffffffffffffffffffffffffffffffffffffffffffffffffffffffffffffffffffffffffffffffffffffffffffffffffffffffffffffffffffffffffffffffffffffffffffffffffffffffffffffffffffffffffffffffffffffffffffffffffffffffffffffffffffffffffffffffffffffffffffffffffffffffffffffffffffffffffffffffffffffffffffffffffffffffffffffffffffffffffffffff43e12e3603
2020-07-29 20:43:31,961 - handle_recv_cmd[line:215] - INFO: Received command 'PRT_PRINT_DATA (0x0)', len=432 
2020-07-29 20:43:31,965 - send_ack[line:115] - INFO: sent ACK (0) to command 'PRT_PRINT_DATA (0x0)'. 
2020-07-29 20:43:31,966 - send_data[line:105] - INFO: #25 Device2Host_Packet: 02000001000046895e9e03
2020-07-29 20:43:31,999 - get_packet[line:55] - INFO: #26 Host2Device_Packet: 020013b001ffffffffffffffffffffffffffffffffffffffffffffffffffffffffffffffffffffffffffffffffffffffffffffffffffffffffffffffffffffffffffffffffffffffffffffffffffffffffffffffffffffffffffffffffffffffffffffffffffffffffffffffffffffffffffffffffffffffffffffffffffffffffffffffffffffffffffffffffffffffffffffffffffffffffffffffffffffffffffffffffffffffffffffffffffffffffffffffffffffffffffffffffffffffffffffffffffffffffffffffffffffffffffffffffffffffffffffffffffffffffffffffffffffffffffffffffffffffffffffffffffffffffffffffffffffffffffffffffffffffffffffffffffffffffffffffffffffffffffffffffffffffffffffffffffffffffffffffffffffffffffffffffffffffffffffffffffffffffffffffffffffffffffffffffffffffffffffffffffffffffffffffffffffffffffffffffffffffffffffffffffffffffffffffffffffffffffffffffffffffffffffffffffffffffffffffffffffffffffffffffffffffffffffffffffffffffffffffffffffffffffffffffffffffffffffffff43e12e3603
2020-07-29 20:43:32,002 - handle_recv_cmd[line:215] - INFO: Received command 'PRT_PRINT_DATA (0x0)', len=432 
2020-07-29 20:43:32,003 - send_ack[line:115] - INFO: sent ACK (0) to command 'PRT_PRINT_DATA (0x0)'. 
2020-07-29 20:43:32,005 - send_data[line:105] - INFO: #26 Device2Host_Packet: 02000001000046895e9e03
2020-07-29 20:43:32,014 - get_packet[line:55] - INFO: #27 Host2Device_Packet: 023400010001754e4dc903
2020-07-29 20:43:32,015 - handle_recv_cmd[line:210] - INFO: Received command 'NO_MATCH_COMMAND (0x34)', len=1, payload='bytearray(b'\x01') (0x01))'. 
2020-07-29 20:43:32,016 - send_ack[line:115] - INFO: sent ACK (0) to command 'NO_MATCH_COMMAND (0x34)'. 
2020-07-29 20:43:32,018 - send_data[line:105] - INFO: #27 Device2Host_Packet: 02340001000046895e9e03
2020-07-29 20:43:32,043 - get_packet[line:55] - INFO: #28 Host2Device_Packet: 020014b001ffffffffffffffffffffffffffffffffffffffffffffffffffffffffffffffffffffffffffffffffffffffffffffffffffffffffffffffffffffffffffffffffffffffffffffffffffffffffffffffffffffffffffffffffffffffffffffffffffffffffffffffffffffffffffffffffffffffffffffffffffffffffffffffffffffffffffffffffffffffffffffffffffffffffffffffffffffffffffffffffffffffffffffffffffffffffffffffffffffffffffffffffffffffffffffffffffffffffffffffffffffffffffffffffffffffffffffffffffffffffffffffffffffffffffffffffffffffffffffffffffffffffffffffffffffffffffffffffffffffffffffffffffffffffffffffffffffffffffffffffffffffffffffffffffffffffffffffffffffffffffffffffffffffffffffffffffffffffffffffffffffffffffffffffffffffffffffffffffffffffffffffffffffffffffffffffffffffffffffffffffffffffffffffffffffffffffffffffffffffffffffffffffffffffffffffffffffffffffffffffffffffffffffffffffffffffffffffffffffffffffffffffffffffffffffffff43e12e3603
2020-07-29 20:43:32,046 - handle_recv_cmd[line:215] - INFO: Received command 'PRT_PRINT_DATA (0x0)', len=432 
2020-07-29 20:43:32,048 - send_ack[line:115] - INFO: sent ACK (0) to command 'PRT_PRINT_DATA (0x0)'. 
2020-07-29 20:43:32,049 - send_data[line:105] - INFO: #28 Device2Host_Packet: 02000001000046895e9e03
2020-07-29 20:43:32,089 - get_packet[line:55] - INFO: #29 Host2Device_Packet: 020015b001ffffffffffffffffffffffffffffffffffffffffffffffffffffffffffffffffffffffffffffffffffffffffffffffffffffffffffffffffffffffffffffffffffffffffffffffffffffffffffffffffffffffffffffffffffffffffffffffffffffffffffffffffffffffffffffffffffffffffffffffffffffffffffffffffffffffffffffffffffffffffffffffffffffffffffffffffffffffffffffffffffffffffffffffffffffffffffffffffffffffffffffffffffffffffffffffffffffffffffffffffffffffffffffffffffffffffffffffffffffffffffffffffffffffffffffffffffffffffffffffffffffffffffffffffffffffffffffffffffffffffffffffffffffffffffffffffffffffffffffffffffffffffffffffffffffffffffffffffffffffffffffffffffffffffffffffffffffffffffffffffffffffffffffffffffffffffffffffffffffffffffffffffffffffffffffffffffffffffffffffffffffffffffffffffffffffffffffffffffffffffffffffffffffffffffffffffffffffffffffffffffffffffffffffffffffffffffffffffffffffffffffffffffffffffffffffff43e12e3603
2020-07-29 20:43:32,098 - handle_recv_cmd[line:215] - INFO: Received command 'PRT_PRINT_DATA (0x0)', len=432 
2020-07-29 20:43:32,100 - send_ack[line:115] - INFO: sent ACK (0) to command 'PRT_PRINT_DATA (0x0)'. 
2020-07-29 20:43:32,101 - send_data[line:105] - INFO: #29 Device2Host_Packet: 02000001000046895e9e03
2020-07-29 20:43:32,105 - get_packet[line:55] - INFO: #30 Host2Device_Packet: 020016b001ffffffffffffffffffffffffffffffffffffffffffffffffffffffffffffffffffffffffffffffffffffffffffffffffffffffffffffffffffffffffffffffffffffffffffffffffffffffffffffffffffffffffffffffffffffffffffffffffffffffffffffffffffffffffffffffffffffffffffffffffffffffffffffffffffffffffffffffffffffffffffffffffffffffffffffffffffffffffffffffffffffffffffffffffffffffffffffffffffffffffffffffffffffffffffffffffffffffffffffffffffffffffffffffffffffffffffffffffffffffffffffffffffffffffffffffffffffffffffffffffffffffffffffffffffffffffffffffffffffffffffffffffffffffffffffffffffffffffffffffffffffffffffffffffffffffffffffffffffffffffffffffffffffffffffffffffffffffffffffffffffffffffffffffffffffffffffffffffffffffffffffffffffffffffffffffffffffffffffffffffffffffffffffffffffffffffffffffffffffffffffffffffffffffffffffffffffffffffffffffffffffffffffffffffffffffffffffffffffffffffffffffffffffffffffffffff43e12e3603
2020-07-29 20:43:32,114 - handle_recv_cmd[line:215] - INFO: Received command 'PRT_PRINT_DATA (0x0)', len=432 
2020-07-29 20:43:32,116 - send_ack[line:115] - INFO: sent ACK (0) to command 'PRT_PRINT_DATA (0x0)'. 
2020-07-29 20:43:32,117 - send_data[line:105] - INFO: #30 Device2Host_Packet: 02000001000046895e9e03
2020-07-29 20:43:32,134 - get_packet[line:55] - INFO: #31 Host2Device_Packet: 020017b001ffffffffffffffffffffffffffffffffffffffffffffffffffffffffffffffffffffffffffffffffffffffffffffffffffffffffffffffffffffffffffffffffffffffffffffffffffffffffffffffffffffffffffffffffffffffffffffffffffffffffffffffffffffffffffffffffffffffffffffffffffffffffffffffffffffffffffffffffffffffffffffffffffffffffffffffffffffffffffffffffffffffffffffffffffffffffffffffffffffffffffffffffffffffffffffffffffffffffffffffffffffffffffffffffffffffffffffffffffffffffffffffffffffffffffffffffffffffffffffffffffffffffffffffffffffffffffffffffffffffffffffffffffffffffffffffffffffffffffffffffffffffffffffffffffffffffffffffffffffffffffffffffffffffffffffffffffffffffffffffffffffffffffffffffffffffffffffffffffffffffffffffffffffffffffffffffffffffffffffffffffffffffffffffffffffffffffffffffffffffffffffffffffffffffffffffffffffffffffffffffffffffffffffffffffffffffffffffffffffffffffffffffffffffffffffffff43e12e3603
2020-07-29 20:43:32,136 - handle_recv_cmd[line:215] - INFO: Received command 'PRT_PRINT_DATA (0x0)', len=432 
2020-07-29 20:43:32,137 - send_ack[line:115] - INFO: sent ACK (0) to command 'PRT_PRINT_DATA (0x0)'. 
2020-07-29 20:43:32,145 - send_data[line:105] - INFO: #31 Device2Host_Packet: 02000001000046895e9e03
2020-07-29 20:43:32,158 - get_packet[line:55] - INFO: #32 Host2Device_Packet: 0200186801ffffffffffffffffffffffffffffffffffffffffffffffffffffffffffffffffffffffffffffffffffffffffffffffffffffffffffffffffffffffffffffffffffffffffffffffffffffffffffffffffffffffffffffffffffffffffffffffffffffffffffffffffffffffffffffffffffffffffffffffffffffffffffffffffffffffffffffffffffffffffffffffffffffffffffffffffffffffffffffffffffffffffffffffffffffffffffffffffffffffffffffffffffffffffffffffffffffffffffffffffffffffffffffffffffffffffffffffffffffffffffffffffffffffffffffffffffffffffffffffffffffffffffffffffffffffffffffffffffffffffffffffffffffffffffffffffffffffffffffffffffffffffffffffffffffffffffffffffffffffffffffffffffffffffffffffffffffffffffffffffffffffffffffffffffffffffffffffffffffffffffffffffffffffffffffffffffffffffffffffffb0fa0bce03
2020-07-29 20:43:32,162 - handle_recv_cmd[line:215] - INFO: Received command 'PRT_PRINT_DATA (0x0)', len=360 
2020-07-29 20:43:32,163 - send_ack[line:115] - INFO: sent ACK (0) to command 'PRT_PRINT_DATA (0x0)'. 
2020-07-29 20:43:32,164 - send_data[line:105] - INFO: #32 Device2Host_Packet: 02000001000046895e9e03
2020-07-29 20:43:32,165 - get_packet[line:55] - INFO: #33 Host2Device_Packet: 023400010001754e4dc903
2020-07-29 20:43:32,166 - handle_recv_cmd[line:210] - INFO: Received command 'NO_MATCH_COMMAND (0x34)', len=1, payload='bytearray(b'\x01') (0x01))'. 
2020-07-29 20:43:32,167 - send_ack[line:115] - INFO: sent ACK (0) to command 'NO_MATCH_COMMAND (0x34)'. 
2020-07-29 20:43:32,168 - send_data[line:105] - INFO: #33 Device2Host_Packet: 02340001000046895e9e03
2020-07-29 20:43:32,169 - get_packet[line:55] - INFO: #34 Host2Device_Packet: 021a0002001801febea31e03
2020-07-29 20:43:32,170 - handle_recv_cmd[line:210] - INFO: Received command 'PRT_FEED_LINE (0x1a)', len=2, payload='bytearray(b'\x18\x01') (0x1801))'. 
2020-07-29 20:43:32,171 - send_ack[line:115] - INFO: sent ACK (0) to command 'PRT_FEED_LINE (0x1a)'. 
2020-07-29 20:43:32,176 - send_data[line:105] - INFO: #34 Device2Host_Packet: 021a0001000046895e9e03
2020-07-29 20:43:32,177 - get_packet[line:55] - INFO: #35 Host2Device_Packet: 021000010001754e4dc903
2020-07-29 20:43:32,178 - handle_recv_cmd[line:210] - INFO: Received command 'PRT_GET_BAT_STATUS (0x10)', len=1, payload='bytearray(b'\x01') (0x01))'. 
2020-07-29 20:43:32,180 - send_msg[line:125] - INFO: sent MSG (b'Z') of command 'PRT_SENT_BAT_STATUS (0x11)'. 
2020-07-29 20:43:32,181 - send_data[line:105] - INFO: #35 Device2Host_Packet: 02110001005aac31e01503
2020-07-29 20:43:32,182 - send_ack[line:115] - INFO: sent ACK (0) to command 'PRT_GET_BAT_STATUS (0x10)'. 
2020-07-29 20:43:32,184 - send_data[line:105] - INFO: #36 Device2Host_Packet: 02100001000046895e9e03
2020-07-29 20:43:32,186 - get_packet[line:55] - INFO: #36 Host2Device_Packet: 023600010001754e4dc903
2020-07-29 20:43:32,189 - handle_recv_cmd[line:210] - INFO: Received command 'NO_MATCH_COMMAND (0x36)', len=1, payload='bytearray(b'\x01') (0x01))'. 
2020-07-29 20:43:32,196 - send_ack[line:115] - INFO: sent ACK (0) to command 'NO_MATCH_COMMAND (0x36)'. 
2020-07-29 20:43:32,198 - send_data[line:105] - INFO: #37 Device2Host_Packet: 02360001000046895e9e03
